{"D:\\telegrambotplayer\\miniapp\\src\\App.tsx": {"path":"D:\\telegrambotplayer\\miniapp\\src\\App.tsx","statementMap":{"0":{"start":{"line":31,"column":19},"end":{"line":31,"column":null}},"1":{"start":{"line":31,"column":30},"end":{"line":31,"column":null}},"2":{"start":{"line":31,"column":79},"end":{"line":31,"column":null}},"3":{"start":{"line":33,"column":20},"end":{"line":41,"column":null}},"4":{"start":{"line":37,"column":32},"end":{"line":37,"column":null}},"5":{"start":{"line":44,"column":16},"end":{"line":44,"column":24}},"6":{"start":{"line":45,"column":17},"end":{"line":45,"column":null}},"7":{"start":{"line":45,"column":30},"end":{"line":45,"column":38}},"8":{"start":{"line":46,"column":8},"end":{"line":46,"column":null}},"9":{"start":{"line":46,"column":22},"end":{"line":46,"column":null}},"10":{"start":{"line":48,"column":4},"end":{"line":52,"column":null}},"11":{"start":{"line":53,"column":2},"end":{"line":74,"column":null}},"12":{"start":{"line":80,"column":2},"end":{"line":93,"column":null}},"13":{"start":{"line":81,"column":16},"end":{"line":81,"column":null}},"14":{"start":{"line":82,"column":10},"end":{"line":90,"column":null}},"15":{"start":{"line":83,"column":6},"end":{"line":83,"column":null}},"16":{"start":{"line":83,"column":17},"end":{"line":83,"column":null}},"17":{"start":{"line":84,"column":6},"end":{"line":89,"column":null}},"18":{"start":{"line":85,"column":8},"end":{"line":85,"column":null}},"19":{"start":{"line":86,"column":20},"end":{"line":86,"column":null}},"20":{"start":{"line":87,"column":22},"end":{"line":87,"column":null}},"21":{"start":{"line":88,"column":8},"end":{"line":88,"column":null}},"22":{"start":{"line":91,"column":4},"end":{"line":91,"column":null}},"23":{"start":{"line":92,"column":4},"end":{"line":92,"column":null}},"24":{"start":{"line":92,"column":17},"end":{"line":92,"column":null}},"25":{"start":{"line":99,"column":21},"end":{"line":99,"column":35}},"26":{"start":{"line":100,"column":23},"end":{"line":100,"column":39}},"27":{"start":{"line":102,"column":2},"end":{"line":115,"column":null}},"28":{"start":{"line":103,"column":4},"end":{"line":113,"column":null}},"29":{"start":{"line":105,"column":8},"end":{"line":111,"column":null}},"30":{"start":{"line":114,"column":4},"end":{"line":114,"column":null}},"31":{"start":{"line":114,"column":17},"end":{"line":114,"column":null}},"32":{"start":{"line":117,"column":2},"end":{"line":143,"column":null}},"33":{"start":{"line":119,"column":10},"end":{"line":131,"column":null}},"34":{"start":{"line":120,"column":20},"end":{"line":120,"column":null}},"35":{"start":{"line":121,"column":6},"end":{"line":121,"column":null}},"36":{"start":{"line":121,"column":26},"end":{"line":121,"column":null}},"37":{"start":{"line":122,"column":6},"end":{"line":130,"column":null}},"38":{"start":{"line":125,"column":42},"end":{"line":125,"column":50}},"39":{"start":{"line":132,"column":18},"end":{"line":134,"column":null}},"40":{"start":{"line":133,"column":6},"end":{"line":133,"column":null}},"41":{"start":{"line":133,"column":42},"end":{"line":133,"column":null}},"42":{"start":{"line":135,"column":10},"end":{"line":137,"column":null}},"43":{"start":{"line":136,"column":6},"end":{"line":136,"column":null}},"44":{"start":{"line":136,"column":49},"end":{"line":136,"column":null}},"45":{"start":{"line":138,"column":4},"end":{"line":138,"column":null}},"46":{"start":{"line":139,"column":4},"end":{"line":142,"column":null}},"47":{"start":{"line":140,"column":6},"end":{"line":140,"column":null}},"48":{"start":{"line":141,"column":6},"end":{"line":141,"column":null}},"49":{"start":{"line":148,"column":17},"end":{"line":148,"column":35}},"50":{"start":{"line":149,"column":2},"end":{"line":164,"column":null}},"51":{"start":{"line":150,"column":18},"end":{"line":150,"column":null}},"52":{"start":{"line":151,"column":4},"end":{"line":151,"column":null}},"53":{"start":{"line":151,"column":50},"end":{"line":151,"column":null}},"54":{"start":{"line":152,"column":4},"end":{"line":152,"column":null}},"55":{"start":{"line":152,"column":38},"end":{"line":152,"column":null}},"56":{"start":{"line":153,"column":18},"end":{"line":153,"column":null}},"57":{"start":{"line":154,"column":4},"end":{"line":163,"column":null}},"58":{"start":{"line":168,"column":16},"end":{"line":168,"column":24}},"59":{"start":{"line":169,"column":19},"end":{"line":169,"column":31}},"60":{"start":{"line":170,"column":18},"end":{"line":170,"column":null}},"61":{"start":{"line":170,"column":35},"end":{"line":170,"column":44}},"62":{"start":{"line":171,"column":16},"end":{"line":171,"column":null}},"63":{"start":{"line":171,"column":33},"end":{"line":171,"column":40}},"64":{"start":{"line":172,"column":21},"end":{"line":172,"column":null}},"65":{"start":{"line":172,"column":38},"end":{"line":172,"column":50}},"66":{"start":{"line":173,"column":16},"end":{"line":173,"column":null}},"67":{"start":{"line":173,"column":29},"end":{"line":173,"column":36}},"68":{"start":{"line":174,"column":21},"end":{"line":174,"column":null}},"69":{"start":{"line":174,"column":34},"end":{"line":174,"column":46}},"70":{"start":{"line":175,"column":17},"end":{"line":175,"column":null}},"71":{"start":{"line":176,"column":23},"end":{"line":176,"column":null}},"72":{"start":{"line":177,"column":22},"end":{"line":177,"column":null}},"73":{"start":{"line":177,"column":35},"end":{"line":177,"column":48}},"74":{"start":{"line":178,"column":25},"end":{"line":178,"column":null}},"75":{"start":{"line":178,"column":38},"end":{"line":178,"column":54}},"76":{"start":{"line":179,"column":2},"end":{"line":179,"column":null}},"77":{"start":{"line":180,"column":2},"end":{"line":180,"column":null}},"78":{"start":{"line":182,"column":2},"end":{"line":182,"column":null}},"79":{"start":{"line":185,"column":2},"end":{"line":193,"column":null}},"80":{"start":{"line":186,"column":4},"end":{"line":186,"column":null}},"81":{"start":{"line":186,"column":16},"end":{"line":186,"column":null}},"82":{"start":{"line":187,"column":4},"end":{"line":191,"column":null}},"83":{"start":{"line":188,"column":6},"end":{"line":188,"column":null}},"84":{"start":{"line":190,"column":6},"end":{"line":190,"column":null}},"85":{"start":{"line":192,"column":4},"end":{"line":192,"column":null}},"86":{"start":{"line":196,"column":2},"end":{"line":210,"column":null}},"87":{"start":{"line":197,"column":4},"end":{"line":200,"column":null}},"88":{"start":{"line":198,"column":6},"end":{"line":198,"column":null}},"89":{"start":{"line":199,"column":6},"end":{"line":199,"column":null}},"90":{"start":{"line":201,"column":20},"end":{"line":201,"column":null}},"91":{"start":{"line":202,"column":4},"end":{"line":206,"column":null}},"92":{"start":{"line":204,"column":8},"end":{"line":204,"column":null}},"93":{"start":{"line":204,"column":24},"end":{"line":204,"column":null}},"94":{"start":{"line":206,"column":19},"end":{"line":206,"column":48}},"95":{"start":{"line":207,"column":4},"end":{"line":209,"column":null}},"96":{"start":{"line":208,"column":6},"end":{"line":208,"column":null}},"97":{"start":{"line":212,"column":2},"end":{"line":212,"column":null}},"98":{"start":{"line":212,"column":18},"end":{"line":212,"column":49}},"99":{"start":{"line":214,"column":2},"end":{"line":252,"column":null}},"100":{"start":{"line":250,"column":83},"end":{"line":250,"column":106}},"101":{"start":{"line":258,"column":16},"end":{"line":258,"column":24}},"102":{"start":{"line":259,"column":28},"end":{"line":259,"column":null}},"103":{"start":{"line":260,"column":13},"end":{"line":260,"column":19}},"104":{"start":{"line":261,"column":18},"end":{"line":261,"column":null}},"105":{"start":{"line":261,"column":31},"end":{"line":261,"column":40}},"106":{"start":{"line":263,"column":2},"end":{"line":276,"column":null}},"107":{"start":{"line":264,"column":20},"end":{"line":264,"column":null}},"108":{"start":{"line":265,"column":4},"end":{"line":272,"column":null}},"109":{"start":{"line":267,"column":8},"end":{"line":267,"column":null}},"110":{"start":{"line":267,"column":23},"end":{"line":267,"column":null}},"111":{"start":{"line":268,"column":22},"end":{"line":268,"column":null}},"112":{"start":{"line":269,"column":8},"end":{"line":269,"column":null}},"113":{"start":{"line":269,"column":37},"end":{"line":269,"column":null}},"114":{"start":{"line":270,"column":8},"end":{"line":270,"column":null}},"115":{"start":{"line":272,"column":19},"end":{"line":272,"column":51}},"116":{"start":{"line":273,"column":4},"end":{"line":275,"column":null}},"117":{"start":{"line":274,"column":6},"end":{"line":274,"column":null}},"118":{"start":{"line":278,"column":2},"end":{"line":280,"column":null}},"119":{"start":{"line":279,"column":4},"end":{"line":279,"column":null}},"120":{"start":{"line":279,"column":23},"end":{"line":279,"column":null}},"121":{"start":{"line":282,"column":2},"end":{"line":289,"column":null}},"122":{"start":{"line":283,"column":4},"end":{"line":287,"column":null}},"123":{"start":{"line":290,"column":2},"end":{"line":296,"column":null}},"124":{"start":{"line":291,"column":4},"end":{"line":294,"column":null}},"125":{"start":{"line":297,"column":2},"end":{"line":297,"column":null}},"126":{"start":{"line":301,"column":15},"end":{"line":301,"column":null}},"127":{"start":{"line":301,"column":28},"end":{"line":301,"column":34}},"128":{"start":{"line":302,"column":16},"end":{"line":302,"column":null}},"129":{"start":{"line":302,"column":29},"end":{"line":302,"column":36}},"130":{"start":{"line":303,"column":18},"end":{"line":303,"column":null}},"131":{"start":{"line":303,"column":31},"end":{"line":303,"column":40}},"132":{"start":{"line":305,"column":2},"end":{"line":317,"column":null}},"133":{"start":{"line":306,"column":21},"end":{"line":306,"column":34}},"134":{"start":{"line":307,"column":4},"end":{"line":307,"column":null}},"135":{"start":{"line":308,"column":4},"end":{"line":308,"column":null}},"136":{"start":{"line":309,"column":4},"end":{"line":309,"column":null}},"137":{"start":{"line":310,"column":4},"end":{"line":310,"column":null}},"138":{"start":{"line":310,"column":33},"end":{"line":310,"column":52}},"139":{"start":{"line":311,"column":17},"end":{"line":311,"column":null}},"140":{"start":{"line":311,"column":38},"end":{"line":311,"column":71}},"141":{"start":{"line":312,"column":4},"end":{"line":315,"column":null}},"142":{"start":{"line":313,"column":6},"end":{"line":313,"column":null}},"143":{"start":{"line":314,"column":6},"end":{"line":314,"column":null}},"144":{"start":{"line":319,"column":2},"end":{"line":321,"column":null}},"145":{"start":{"line":320,"column":4},"end":{"line":320,"column":null}},"146":{"start":{"line":323,"column":18},"end":{"line":332,"column":null}},"147":{"start":{"line":325,"column":6},"end":{"line":331,"column":5}},"148":{"start":{"line":334,"column":2},"end":{"line":337,"column":null}}},"fnMap":{"0":{"name":"(anonymous_0)","decl":{"start":{"line":31,"column":19},"end":{"line":31,"column":30}},"loc":{"start":{"line":31,"column":30},"end":{"line":31,"column":null}},"line":31},"1":{"name":"(anonymous_1)","decl":{"start":{"line":31,"column":70},"end":{"line":31,"column":77}},"loc":{"start":{"line":31,"column":79},"end":{"line":31,"column":null}},"line":31},"2":{"name":"(anonymous_2)","decl":{"start":{"line":37,"column":6},"end":{"line":37,"column":14}},"loc":{"start":{"line":37,"column":32},"end":{"line":37,"column":null}},"line":37},"3":{"name":"Paywall","decl":{"start":{"line":43,"column":9},"end":{"line":43,"column":19}},"loc":{"start":{"line":43,"column":19},"end":{"line":76,"column":null}},"line":43},"4":{"name":"(anonymous_4)","decl":{"start":{"line":45,"column":17},"end":{"line":45,"column":24}},"loc":{"start":{"line":45,"column":30},"end":{"line":45,"column":38}},"line":45},"5":{"name":"(anonymous_5)","decl":{"start":{"line":46,"column":8},"end":{"line":46,"column":22}},"loc":{"start":{"line":46,"column":22},"end":{"line":46,"column":null}},"line":46},"6":{"name":"useSpecularOnScroll","decl":{"start":{"line":79,"column":9},"end":{"line":79,"column":31}},"loc":{"start":{"line":79,"column":31},"end":{"line":94,"column":null}},"line":79},"7":{"name":"(anonymous_7)","decl":{"start":{"line":80,"column":2},"end":{"line":80,"column":18}},"loc":{"start":{"line":80,"column":18},"end":{"line":93,"column":5}},"line":80},"8":{"name":"(anonymous_8)","decl":{"start":{"line":82,"column":10},"end":{"line":82,"column":27}},"loc":{"start":{"line":82,"column":27},"end":{"line":90,"column":null}},"line":82},"9":{"name":"(anonymous_9)","decl":{"start":{"line":84,"column":14},"end":{"line":84,"column":42}},"loc":{"start":{"line":84,"column":42},"end":{"line":89,"column":7}},"line":84},"10":{"name":"(anonymous_10)","decl":{"start":{"line":92,"column":4},"end":{"line":92,"column":17}},"loc":{"start":{"line":92,"column":17},"end":{"line":92,"column":null}},"line":92},"11":{"name":"usePlaybackSync","decl":{"start":{"line":98,"column":9},"end":{"line":98,"column":33}},"loc":{"start":{"line":98,"column":33},"end":{"line":144,"column":null}},"line":98},"12":{"name":"(anonymous_12)","decl":{"start":{"line":102,"column":2},"end":{"line":102,"column":18}},"loc":{"start":{"line":102,"column":18},"end":{"line":115,"column":5}},"line":102},"13":{"name":"(anonymous_13)","decl":{"start":{"line":104,"column":6},"end":{"line":104,"column":17}},"loc":{"start":{"line":104,"column":71},"end":{"line":112,"column":null}},"line":104},"14":{"name":"(anonymous_14)","decl":{"start":{"line":114,"column":4},"end":{"line":114,"column":17}},"loc":{"start":{"line":114,"column":17},"end":{"line":114,"column":null}},"line":114},"15":{"name":"(anonymous_15)","decl":{"start":{"line":117,"column":2},"end":{"line":117,"column":18}},"loc":{"start":{"line":117,"column":18},"end":{"line":143,"column":5}},"line":117},"16":{"name":"(anonymous_16)","decl":{"start":{"line":119,"column":10},"end":{"line":119,"column":23}},"loc":{"start":{"line":119,"column":23},"end":{"line":131,"column":null}},"line":119},"17":{"name":"(anonymous_17)","decl":{"start":{"line":125,"column":27},"end":{"line":125,"column":32}},"loc":{"start":{"line":125,"column":42},"end":{"line":125,"column":50}},"line":125},"18":{"name":"(anonymous_18)","decl":{"start":{"line":132,"column":18},"end":{"line":132,"column":36}},"loc":{"start":{"line":132,"column":36},"end":{"line":134,"column":7}},"line":132},"19":{"name":"(anonymous_19)","decl":{"start":{"line":135,"column":10},"end":{"line":135,"column":25}},"loc":{"start":{"line":135,"column":25},"end":{"line":137,"column":null}},"line":135},"20":{"name":"(anonymous_20)","decl":{"start":{"line":139,"column":4},"end":{"line":139,"column":17}},"loc":{"start":{"line":139,"column":17},"end":{"line":142,"column":null}},"line":139},"21":{"name":"useResume","decl":{"start":{"line":147,"column":9},"end":{"line":147,"column":27}},"loc":{"start":{"line":147,"column":27},"end":{"line":165,"column":null}},"line":147},"22":{"name":"(anonymous_22)","decl":{"start":{"line":149,"column":2},"end":{"line":149,"column":18}},"loc":{"start":{"line":149,"column":18},"end":{"line":164,"column":5}},"line":149},"23":{"name":"Shell","decl":{"start":{"line":167,"column":9},"end":{"line":167,"column":17}},"loc":{"start":{"line":167,"column":17},"end":{"line":254,"column":null}},"line":167},"24":{"name":"(anonymous_24)","decl":{"start":{"line":170,"column":18},"end":{"line":170,"column":29}},"loc":{"start":{"line":170,"column":35},"end":{"line":170,"column":44}},"line":170},"25":{"name":"(anonymous_25)","decl":{"start":{"line":171,"column":16},"end":{"line":171,"column":27}},"loc":{"start":{"line":171,"column":33},"end":{"line":171,"column":40}},"line":171},"26":{"name":"(anonymous_26)","decl":{"start":{"line":172,"column":21},"end":{"line":172,"column":32}},"loc":{"start":{"line":172,"column":38},"end":{"line":172,"column":50}},"line":172},"27":{"name":"(anonymous_27)","decl":{"start":{"line":173,"column":16},"end":{"line":173,"column":23}},"loc":{"start":{"line":173,"column":29},"end":{"line":173,"column":36}},"line":173},"28":{"name":"(anonymous_28)","decl":{"start":{"line":174,"column":21},"end":{"line":174,"column":28}},"loc":{"start":{"line":174,"column":34},"end":{"line":174,"column":46}},"line":174},"29":{"name":"(anonymous_29)","decl":{"start":{"line":177,"column":22},"end":{"line":177,"column":29}},"loc":{"start":{"line":177,"column":35},"end":{"line":177,"column":48}},"line":177},"30":{"name":"(anonymous_30)","decl":{"start":{"line":178,"column":25},"end":{"line":178,"column":32}},"loc":{"start":{"line":178,"column":38},"end":{"line":178,"column":54}},"line":178},"31":{"name":"(anonymous_31)","decl":{"start":{"line":185,"column":2},"end":{"line":185,"column":18}},"loc":{"start":{"line":185,"column":18},"end":{"line":193,"column":5}},"line":185},"32":{"name":"(anonymous_32)","decl":{"start":{"line":196,"column":2},"end":{"line":196,"column":18}},"loc":{"start":{"line":196,"column":18},"end":{"line":210,"column":5}},"line":196},"33":{"name":"(anonymous_33)","decl":{"start":{"line":203,"column":7},"end":{"line":203,"column":13}},"loc":{"start":{"line":203,"column":25},"end":{"line":205,"column":7}},"line":203},"34":{"name":"(anonymous_34)","decl":{"start":{"line":206,"column":7},"end":{"line":206,"column":19}},"loc":{"start":{"line":206,"column":19},"end":{"line":206,"column":48}},"line":206},"35":{"name":"(anonymous_35)","decl":{"start":{"line":207,"column":4},"end":{"line":207,"column":17}},"loc":{"start":{"line":207,"column":17},"end":{"line":209,"column":null}},"line":207},"36":{"name":"(anonymous_36)","decl":{"start":{"line":212,"column":2},"end":{"line":212,"column":18}},"loc":{"start":{"line":212,"column":18},"end":{"line":212,"column":49}},"line":212},"37":{"name":"(anonymous_37)","decl":{"start":{"line":250,"column":68},"end":{"line":250,"column":83}},"loc":{"start":{"line":250,"column":83},"end":{"line":250,"column":106}},"line":250},"38":{"name":"Gate","decl":{"start":{"line":257,"column":9},"end":{"line":257,"column":14}},"loc":{"start":{"line":257,"column":59},"end":{"line":298,"column":null}},"line":257},"39":{"name":"(anonymous_39)","decl":{"start":{"line":261,"column":18},"end":{"line":261,"column":25}},"loc":{"start":{"line":261,"column":31},"end":{"line":261,"column":40}},"line":261},"40":{"name":"(anonymous_40)","decl":{"start":{"line":263,"column":2},"end":{"line":263,"column":18}},"loc":{"start":{"line":263,"column":18},"end":{"line":276,"column":5}},"line":263},"41":{"name":"(anonymous_41)","decl":{"start":{"line":266,"column":7},"end":{"line":266,"column":13}},"loc":{"start":{"line":266,"column":22},"end":{"line":271,"column":7}},"line":266},"42":{"name":"(anonymous_42)","decl":{"start":{"line":272,"column":7},"end":{"line":272,"column":19}},"loc":{"start":{"line":272,"column":19},"end":{"line":272,"column":51}},"line":272},"43":{"name":"(anonymous_43)","decl":{"start":{"line":273,"column":4},"end":{"line":273,"column":17}},"loc":{"start":{"line":273,"column":17},"end":{"line":275,"column":null}},"line":273},"44":{"name":"(anonymous_44)","decl":{"start":{"line":278,"column":2},"end":{"line":278,"column":18}},"loc":{"start":{"line":278,"column":18},"end":{"line":280,"column":5}},"line":278},"45":{"name":"App","decl":{"start":{"line":300,"column":16},"end":{"line":300,"column":22}},"loc":{"start":{"line":300,"column":22},"end":{"line":339,"column":null}},"line":300},"46":{"name":"(anonymous_46)","decl":{"start":{"line":301,"column":15},"end":{"line":301,"column":22}},"loc":{"start":{"line":301,"column":28},"end":{"line":301,"column":34}},"line":301},"47":{"name":"(anonymous_47)","decl":{"start":{"line":302,"column":16},"end":{"line":302,"column":23}},"loc":{"start":{"line":302,"column":29},"end":{"line":302,"column":36}},"line":302},"48":{"name":"(anonymous_48)","decl":{"start":{"line":303,"column":18},"end":{"line":303,"column":25}},"loc":{"start":{"line":303,"column":31},"end":{"line":303,"column":40}},"line":303},"49":{"name":"(anonymous_49)","decl":{"start":{"line":305,"column":2},"end":{"line":305,"column":18}},"loc":{"start":{"line":305,"column":18},"end":{"line":317,"column":5}},"line":305},"50":{"name":"(anonymous_50)","decl":{"start":{"line":310,"column":4},"end":{"line":310,"column":33}},"loc":{"start":{"line":310,"column":33},"end":{"line":310,"column":52}},"line":310},"51":{"name":"(anonymous_51)","decl":{"start":{"line":311,"column":17},"end":{"line":311,"column":38}},"loc":{"start":{"line":311,"column":38},"end":{"line":311,"column":71}},"line":311},"52":{"name":"(anonymous_52)","decl":{"start":{"line":312,"column":4},"end":{"line":312,"column":17}},"loc":{"start":{"line":312,"column":17},"end":{"line":315,"column":null}},"line":312},"53":{"name":"(anonymous_53)","decl":{"start":{"line":319,"column":2},"end":{"line":319,"column":18}},"loc":{"start":{"line":319,"column":18},"end":{"line":321,"column":5}},"line":319},"54":{"name":"(anonymous_54)","decl":{"start":{"line":323,"column":18},"end":{"line":323,"column":null}},"loc":{"start":{"line":325,"column":6},"end":{"line":331,"column":5}},"line":325}},"branchMap":{"0":{"loc":{"start":{"line":37,"column":32},"end":{"line":37,"column":null}},"type":"cond-expr","locations":[{"start":{"line":37,"column":82},"end":{"line":37,"column":90}},{"start":{"line":37,"column":90},"end":{"line":37,"column":null}}],"line":37},"1":{"loc":{"start":{"line":37,"column":32},"end":{"line":37,"column":82}},"type":"binary-expr","locations":[{"start":{"line":37,"column":32},"end":{"line":37,"column":61}},{"start":{"line":37,"column":61},"end":{"line":37,"column":82}}],"line":37},"2":{"loc":{"start":{"line":48,"column":4},"end":{"line":52,"column":null}},"type":"cond-expr","locations":[{"start":{"line":49,"column":8},"end":{"line":49,"column":null}},{"start":{"line":50,"column":8},"end":{"line":52,"column":null}}],"line":48},"3":{"loc":{"start":{"line":50,"column":8},"end":{"line":52,"column":null}},"type":"cond-expr","locations":[{"start":{"line":51,"column":10},"end":{"line":51,"column":null}},{"start":{"line":52,"column":10},"end":{"line":52,"column":null}}],"line":50},"4":{"loc":{"start":{"line":56,"column":25},"end":{"line":56,"column":44}},"type":"binary-expr","locations":[{"start":{"line":56,"column":25},"end":{"line":56,"column":42}},{"start":{"line":56,"column":42},"end":{"line":56,"column":44}}],"line":56},"5":{"loc":{"start":{"line":83,"column":6},"end":{"line":83,"column":null}},"type":"if","locations":[{"start":{"line":83,"column":6},"end":{"line":83,"column":null}},{"start":{},"end":{}}],"line":83},"6":{"loc":{"start":{"line":87,"column":22},"end":{"line":87,"column":null}},"type":"cond-expr","locations":[{"start":{"line":87,"column":32},"end":{"line":87,"column":68}},{"start":{"line":87,"column":68},"end":{"line":87,"column":null}}],"line":87},"7":{"loc":{"start":{"line":121,"column":6},"end":{"line":121,"column":null}},"type":"if","locations":[{"start":{"line":121,"column":6},"end":{"line":121,"column":null}},{"start":{},"end":{}}],"line":121},"8":{"loc":{"start":{"line":133,"column":6},"end":{"line":133,"column":null}},"type":"if","locations":[{"start":{"line":133,"column":6},"end":{"line":133,"column":null}},{"start":{},"end":{}}],"line":133},"9":{"loc":{"start":{"line":136,"column":6},"end":{"line":136,"column":null}},"type":"if","locations":[{"start":{"line":136,"column":6},"end":{"line":136,"column":null}},{"start":{},"end":{}}],"line":136},"10":{"loc":{"start":{"line":151,"column":4},"end":{"line":151,"column":null}},"type":"if","locations":[{"start":{"line":151,"column":4},"end":{"line":151,"column":null}},{"start":{},"end":{}}],"line":151},"11":{"loc":{"start":{"line":151,"column":8},"end":{"line":151,"column":50}},"type":"binary-expr","locations":[{"start":{"line":151,"column":8},"end":{"line":151,"column":28}},{"start":{"line":151,"column":28},"end":{"line":151,"column":50}}],"line":151},"12":{"loc":{"start":{"line":152,"column":4},"end":{"line":152,"column":null}},"type":"if","locations":[{"start":{"line":152,"column":4},"end":{"line":152,"column":null}},{"start":{},"end":{}}],"line":152},"13":{"loc":{"start":{"line":157,"column":15},"end":{"line":157,"column":null}},"type":"binary-expr","locations":[{"start":{"line":157,"column":15},"end":{"line":157,"column":37}},{"start":{"line":157,"column":37},"end":{"line":157,"column":null}}],"line":157},"14":{"loc":{"start":{"line":159,"column":16},"end":{"line":159,"column":null}},"type":"binary-expr","locations":[{"start":{"line":159,"column":16},"end":{"line":159,"column":48}},{"start":{"line":159,"column":48},"end":{"line":159,"column":null}}],"line":159},"15":{"loc":{"start":{"line":175,"column":27},"end":{"line":175,"column":54}},"type":"cond-expr","locations":[{"start":{"line":175,"column":37},"end":{"line":175,"column":52}},{"start":{"line":175,"column":52},"end":{"line":175,"column":54}}],"line":175},"16":{"loc":{"start":{"line":176,"column":23},"end":{"line":176,"column":null}},"type":"cond-expr","locations":[{"start":{"line":176,"column":33},"end":{"line":176,"column":54}},{"start":{"line":176,"column":54},"end":{"line":176,"column":null}}],"line":176},"17":{"loc":{"start":{"line":186,"column":4},"end":{"line":186,"column":null}},"type":"if","locations":[{"start":{"line":186,"column":4},"end":{"line":186,"column":null}},{"start":{},"end":{}}],"line":186},"18":{"loc":{"start":{"line":187,"column":4},"end":{"line":191,"column":null}},"type":"if","locations":[{"start":{"line":187,"column":4},"end":{"line":191,"column":null}},{"start":{"line":189,"column":11},"end":{"line":191,"column":null}}],"line":187},"19":{"loc":{"start":{"line":188,"column":32},"end":{"line":188,"column":67}},"type":"binary-expr","locations":[{"start":{"line":188,"column":32},"end":{"line":188,"column":54}},{"start":{"line":188,"column":54},"end":{"line":188,"column":67}}],"line":188},"20":{"loc":{"start":{"line":188,"column":84},"end":{"line":188,"column":108}},"type":"binary-expr","locations":[{"start":{"line":188,"column":84},"end":{"line":188,"column":107}},{"start":{"line":188,"column":107},"end":{"line":188,"column":108}}],"line":188},"21":{"loc":{"start":{"line":197,"column":4},"end":{"line":200,"column":null}},"type":"if","locations":[{"start":{"line":197,"column":4},"end":{"line":200,"column":null}},{"start":{},"end":{}}],"line":197},"22":{"loc":{"start":{"line":204,"column":8},"end":{"line":204,"column":null}},"type":"if","locations":[{"start":{"line":204,"column":8},"end":{"line":204,"column":null}},{"start":{},"end":{}}],"line":204},"23":{"loc":{"start":{"line":244,"column":7},"end":{"line":247,"column":null}},"type":"binary-expr","locations":[{"start":{"line":244,"column":7},"end":{"line":244,"column":null}},{"start":{"line":245,"column":8},"end":{"line":247,"column":null}}],"line":244},"24":{"loc":{"start":{"line":267,"column":8},"end":{"line":267,"column":null}},"type":"if","locations":[{"start":{"line":267,"column":8},"end":{"line":267,"column":null}},{"start":{},"end":{}}],"line":267},"25":{"loc":{"start":{"line":268,"column":22},"end":{"line":268,"column":null}},"type":"binary-expr","locations":[{"start":{"line":268,"column":22},"end":{"line":268,"column":42}},{"start":{"line":268,"column":42},"end":{"line":268,"column":null}}],"line":268},"26":{"loc":{"start":{"line":269,"column":8},"end":{"line":269,"column":null}},"type":"if","locations":[{"start":{"line":269,"column":8},"end":{"line":269,"column":null}},{"start":{},"end":{}}],"line":269},"27":{"loc":{"start":{"line":272,"column":19},"end":{"line":272,"column":51}},"type":"binary-expr","locations":[{"start":{"line":272,"column":19},"end":{"line":272,"column":33}},{"start":{"line":272,"column":33},"end":{"line":272,"column":51}}],"line":272},"28":{"loc":{"start":{"line":279,"column":4},"end":{"line":279,"column":null}},"type":"if","locations":[{"start":{"line":279,"column":4},"end":{"line":279,"column":null}},{"start":{},"end":{}}],"line":279},"29":{"loc":{"start":{"line":279,"column":31},"end":{"line":279,"column":66}},"type":"cond-expr","locations":[{"start":{"line":279,"column":55},"end":{"line":279,"column":62}},{"start":{"line":279,"column":62},"end":{"line":279,"column":66}}],"line":279},"30":{"loc":{"start":{"line":282,"column":2},"end":{"line":289,"column":null}},"type":"if","locations":[{"start":{"line":282,"column":2},"end":{"line":289,"column":null}},{"start":{},"end":{}}],"line":282},"31":{"loc":{"start":{"line":290,"column":2},"end":{"line":296,"column":null}},"type":"if","locations":[{"start":{"line":290,"column":2},"end":{"line":296,"column":null}},{"start":{},"end":{}}],"line":290},"32":{"loc":{"start":{"line":308,"column":29},"end":{"line":308,"column":81}},"type":"cond-expr","locations":[{"start":{"line":308,"column":70},"end":{"line":308,"column":77}},{"start":{"line":308,"column":77},"end":{"line":308,"column":81}}],"line":308}},"s":{"0":0,"1":0,"2":0,"3":0,"4":0,"5":0,"6":0,"7":0,"8":0,"9":0,"10":0,"11":0,"12":0,"13":0,"14":0,"15":0,"16":0,"17":0,"18":0,"19":0,"20":0,"21":0,"22":0,"23":0,"24":0,"25":0,"26":0,"27":0,"28":0,"29":0,"30":0,"31":0,"32":0,"33":0,"34":0,"35":0,"36":0,"37":0,"38":0,"39":0,"40":0,"41":0,"42":0,"43":0,"44":0,"45":0,"46":0,"47":0,"48":0,"49":0,"50":0,"51":0,"52":0,"53":0,"54":0,"55":0,"56":0,"57":0,"58":0,"59":0,"60":0,"61":0,"62":0,"63":0,"64":0,"65":0,"66":0,"67":0,"68":0,"69":0,"70":0,"71":0,"72":0,"73":0,"74":0,"75":0,"76":0,"77":0,"78":0,"79":0,"80":0,"81":0,"82":0,"83":0,"84":0,"85":0,"86":0,"87":0,"88":0,"89":0,"90":0,"91":0,"92":0,"93":0,"94":0,"95":0,"96":0,"97":0,"98":0,"99":0,"100":0,"101":0,"102":0,"103":0,"104":0,"105":0,"106":0,"107":0,"108":0,"109":0,"110":0,"111":0,"112":0,"113":0,"114":0,"115":0,"116":0,"117":0,"118":0,"119":0,"120":0,"121":0,"122":0,"123":0,"124":0,"125":0,"126":0,"127":0,"128":0,"129":0,"130":0,"131":0,"132":0,"133":0,"134":0,"135":0,"136":0,"137":0,"138":0,"139":0,"140":0,"141":0,"142":0,"143":0,"144":0,"145":0,"146":0,"147":0,"148":0},"f":{"0":0,"1":0,"2":0,"3":0,"4":0,"5":0,"6":0,"7":0,"8":0,"9":0,"10":0,"11":0,"12":0,"13":0,"14":0,"15":0,"16":0,"17":0,"18":0,"19":0,"20":0,"21":0,"22":0,"23":0,"24":0,"25":0,"26":0,"27":0,"28":0,"29":0,"30":0,"31":0,"32":0,"33":0,"34":0,"35":0,"36":0,"37":0,"38":0,"39":0,"40":0,"41":0,"42":0,"43":0,"44":0,"45":0,"46":0,"47":0,"48":0,"49":0,"50":0,"51":0,"52":0,"53":0,"54":0},"b":{"0":[0,0],"1":[0,0],"2":[0,0],"3":[0,0],"4":[0,0],"5":[0,0],"6":[0,0],"7":[0,0],"8":[0,0],"9":[0,0],"10":[0,0],"11":[0,0],"12":[0,0],"13":[0,0],"14":[0,0],"15":[0,0],"16":[0,0],"17":[0,0],"18":[0,0],"19":[0,0],"20":[0,0],"21":[0,0],"22":[0,0],"23":[0,0],"24":[0,0],"25":[0,0],"26":[0,0],"27":[0,0],"28":[0,0],"29":[0,0],"30":[0,0],"31":[0,0],"32":[0,0]},"meta":{"lastBranch":33,"lastFunction":55,"lastStatement":149,"seen":{"s:31:19:31:Infinity":0,"f:31:19:31:30":0,"s:31:30:31:Infinity":1,"f:31:70:31:77":1,"s:31:79:31:Infinity":2,"s:33:20:41:Infinity":3,"f:37:6:37:14":2,"s:37:32:37:Infinity":4,"b:37:82:37:90:37:90:37:Infinity":0,"b:37:32:37:61:37:61:37:82":1,"f:43:9:43:19":3,"s:44:16:44:24":5,"s:45:17:45:Infinity":6,"f:45:17:45:24":4,"s:45:30:45:38":7,"s:46:8:46:Infinity":8,"f:46:8:46:22":5,"s:46:22:46:Infinity":9,"s:48:4:52:Infinity":10,"b:49:8:49:Infinity:50:8:52:Infinity":2,"b:51:10:51:Infinity:52:10:52:Infinity":3,"s:53:2:74:Infinity":11,"b:56:25:56:42:56:42:56:44":4,"f:79:9:79:31":6,"s:80:2:93:Infinity":12,"f:80:2:80:18":7,"s:81:16:81:Infinity":13,"s:82:10:90:Infinity":14,"f:82:10:82:27":8,"b:83:6:83:Infinity:undefined:undefined:undefined:undefined":5,"s:83:6:83:Infinity":15,"s:83:17:83:Infinity":16,"s:84:6:89:Infinity":17,"f:84:14:84:42":9,"s:85:8:85:Infinity":18,"s:86:20:86:Infinity":19,"s:87:22:87:Infinity":20,"b:87:32:87:68:87:68:87:Infinity":6,"s:88:8:88:Infinity":21,"s:91:4:91:Infinity":22,"s:92:4:92:Infinity":23,"f:92:4:92:17":10,"s:92:17:92:Infinity":24,"f:98:9:98:33":11,"s:99:21:99:35":25,"s:100:23:100:39":26,"s:102:2:115:Infinity":27,"f:102:2:102:18":12,"s:103:4:113:Infinity":28,"f:104:6:104:17":13,"s:105:8:111:Infinity":29,"s:114:4:114:Infinity":30,"f:114:4:114:17":14,"s:114:17:114:Infinity":31,"s:117:2:143:Infinity":32,"f:117:2:117:18":15,"s:119:10:131:Infinity":33,"f:119:10:119:23":16,"s:120:20:120:Infinity":34,"b:121:6:121:Infinity:undefined:undefined:undefined:undefined":7,"s:121:6:121:Infinity":35,"s:121:26:121:Infinity":36,"s:122:6:130:Infinity":37,"f:125:27:125:32":17,"s:125:42:125:50":38,"s:132:18:134:Infinity":39,"f:132:18:132:36":18,"b:133:6:133:Infinity:undefined:undefined:undefined:undefined":8,"s:133:6:133:Infinity":40,"s:133:42:133:Infinity":41,"s:135:10:137:Infinity":42,"f:135:10:135:25":19,"b:136:6:136:Infinity:undefined:undefined:undefined:undefined":9,"s:136:6:136:Infinity":43,"s:136:49:136:Infinity":44,"s:138:4:138:Infinity":45,"s:139:4:142:Infinity":46,"f:139:4:139:17":20,"s:140:6:140:Infinity":47,"s:141:6:141:Infinity":48,"f:147:9:147:27":21,"s:148:17:148:35":49,"s:149:2:164:Infinity":50,"f:149:2:149:18":22,"s:150:18:150:Infinity":51,"b:151:4:151:Infinity:undefined:undefined:undefined:undefined":10,"s:151:4:151:Infinity":52,"b:151:8:151:28:151:28:151:50":11,"s:151:50:151:Infinity":53,"b:152:4:152:Infinity:undefined:undefined:undefined:undefined":12,"s:152:4:152:Infinity":54,"s:152:38:152:Infinity":55,"s:153:18:153:Infinity":56,"s:154:4:163:Infinity":57,"b:157:15:157:37:157:37:157:Infinity":13,"b:159:16:159:48:159:48:159:Infinity":14,"f:167:9:167:17":23,"s:168:16:168:24":58,"s:169:19:169:31":59,"s:170:18:170:Infinity":60,"f:170:18:170:29":24,"s:170:35:170:44":61,"s:171:16:171:Infinity":62,"f:171:16:171:27":25,"s:171:33:171:40":63,"s:172:21:172:Infinity":64,"f:172:21:172:32":26,"s:172:38:172:50":65,"s:173:16:173:Infinity":66,"f:173:16:173:23":27,"s:173:29:173:36":67,"s:174:21:174:Infinity":68,"f:174:21:174:28":28,"s:174:34:174:46":69,"s:175:17:175:Infinity":70,"b:175:37:175:52:175:52:175:54":15,"s:176:23:176:Infinity":71,"b:176:33:176:54:176:54:176:Infinity":16,"s:177:22:177:Infinity":72,"f:177:22:177:29":29,"s:177:35:177:48":73,"s:178:25:178:Infinity":74,"f:178:25:178:32":30,"s:178:38:178:54":75,"s:179:2:179:Infinity":76,"s:180:2:180:Infinity":77,"s:182:2:182:Infinity":78,"s:185:2:193:Infinity":79,"f:185:2:185:18":31,"b:186:4:186:Infinity:undefined:undefined:undefined:undefined":17,"s:186:4:186:Infinity":80,"s:186:16:186:Infinity":81,"b:187:4:191:Infinity:189:11:191:Infinity":18,"s:187:4:191:Infinity":82,"s:188:6:188:Infinity":83,"b:188:32:188:54:188:54:188:67":19,"b:188:84:188:107:188:107:188:108":20,"s:190:6:190:Infinity":84,"s:192:4:192:Infinity":85,"s:196:2:210:Infinity":86,"f:196:2:196:18":32,"b:197:4:200:Infinity:undefined:undefined:undefined:undefined":21,"s:197:4:200:Infinity":87,"s:198:6:198:Infinity":88,"s:199:6:199:Infinity":89,"s:201:20:201:Infinity":90,"s:202:4:206:Infinity":91,"f:203:7:203:13":33,"b:204:8:204:Infinity:undefined:undefined:undefined:undefined":22,"s:204:8:204:Infinity":92,"s:204:24:204:Infinity":93,"f:206:7:206:19":34,"s:206:19:206:48":94,"s:207:4:209:Infinity":95,"f:207:4:207:17":35,"s:208:6:208:Infinity":96,"s:212:2:212:Infinity":97,"f:212:2:212:18":36,"s:212:18:212:49":98,"s:214:2:252:Infinity":99,"b:244:7:244:Infinity:245:8:247:Infinity":23,"f:250:68:250:83":37,"s:250:83:250:106":100,"f:257:9:257:14":38,"s:258:16:258:24":101,"s:259:28:259:Infinity":102,"s:260:13:260:19":103,"s:261:18:261:Infinity":104,"f:261:18:261:25":39,"s:261:31:261:40":105,"s:263:2:276:Infinity":106,"f:263:2:263:18":40,"s:264:20:264:Infinity":107,"s:265:4:272:Infinity":108,"f:266:7:266:13":41,"b:267:8:267:Infinity:undefined:undefined:undefined:undefined":24,"s:267:8:267:Infinity":109,"s:267:23:267:Infinity":110,"s:268:22:268:Infinity":111,"b:268:22:268:42:268:42:268:Infinity":25,"b:269:8:269:Infinity:undefined:undefined:undefined:undefined":26,"s:269:8:269:Infinity":112,"s:269:37:269:Infinity":113,"s:270:8:270:Infinity":114,"f:272:7:272:19":42,"s:272:19:272:51":115,"b:272:19:272:33:272:33:272:51":27,"s:273:4:275:Infinity":116,"f:273:4:273:17":43,"s:274:6:274:Infinity":117,"s:278:2:280:Infinity":118,"f:278:2:278:18":44,"b:279:4:279:Infinity:undefined:undefined:undefined:undefined":28,"s:279:4:279:Infinity":119,"s:279:23:279:Infinity":120,"b:279:55:279:62:279:62:279:66":29,"b:282:2:289:Infinity:undefined:undefined:undefined:undefined":30,"s:282:2:289:Infinity":121,"s:283:4:287:Infinity":122,"b:290:2:296:Infinity:undefined:undefined:undefined:undefined":31,"s:290:2:296:Infinity":123,"s:291:4:294:Infinity":124,"s:297:2:297:Infinity":125,"f:300:16:300:22":45,"s:301:15:301:Infinity":126,"f:301:15:301:22":46,"s:301:28:301:34":127,"s:302:16:302:Infinity":128,"f:302:16:302:23":47,"s:302:29:302:36":129,"s:303:18:303:Infinity":130,"f:303:18:303:25":48,"s:303:31:303:40":131,"s:305:2:317:Infinity":132,"f:305:2:305:18":49,"s:306:21:306:34":133,"s:307:4:307:Infinity":134,"s:308:4:308:Infinity":135,"b:308:70:308:77:308:77:308:81":32,"s:309:4:309:Infinity":136,"s:310:4:310:Infinity":137,"f:310:4:310:33":50,"s:310:33:310:52":138,"s:311:17:311:Infinity":139,"f:311:17:311:38":51,"s:311:38:311:71":140,"s:312:4:315:Infinity":141,"f:312:4:312:17":52,"s:313:6:313:Infinity":142,"s:314:6:314:Infinity":143,"s:319:2:321:Infinity":144,"f:319:2:319:18":53,"s:320:4:320:Infinity":145,"s:323:18:332:Infinity":146,"f:323:18:323:Infinity":54,"s:325:6:331:5":147,"s:334:2:337:Infinity":148},"fnNames":{}}}
,"D:\\telegrambotplayer\\miniapp\\src\\api\\billing.ts": {"path":"D:\\telegrambotplayer\\miniapp\\src\\api\\billing.ts","statementMap":{"0":{"start":{"line":16,"column":27},"end":{"line":20,"column":null}},"1":{"start":{"line":23,"column":2},"end":{"line":23,"column":null}},"2":{"start":{"line":23,"column":64},"end":{"line":23,"column":88}},"3":{"start":{"line":27,"column":2},"end":{"line":30,"column":null}},"4":{"start":{"line":29,"column":19},"end":{"line":29,"column":null}},"5":{"start":{"line":34,"column":2},"end":{"line":34,"column":null}},"6":{"start":{"line":34,"column":67},"end":{"line":34,"column":101}},"7":{"start":{"line":44,"column":17},"end":{"line":44,"column":32}},"8":{"start":{"line":45,"column":2},"end":{"line":50,"column":null}},"9":{"start":{"line":46,"column":42},"end":{"line":46,"column":null}},"10":{"start":{"line":48,"column":6},"end":{"line":48,"column":null}},"11":{"start":{"line":54,"column":17},"end":{"line":54,"column":32}},"12":{"start":{"line":55,"column":2},"end":{"line":62,"column":null}},"13":{"start":{"line":56,"column":22},"end":{"line":56,"column":null}},"14":{"start":{"line":58,"column":6},"end":{"line":58,"column":null}},"15":{"start":{"line":59,"column":6},"end":{"line":59,"column":null}},"16":{"start":{"line":60,"column":6},"end":{"line":60,"column":null}},"17":{"start":{"line":67,"column":2},"end":{"line":70,"column":null}},"18":{"start":{"line":69,"column":6},"end":{"line":69,"column":null}},"19":{"start":{"line":75,"column":17},"end":{"line":75,"column":32}},"20":{"start":{"line":76,"column":2},"end":{"line":81,"column":null}},"21":{"start":{"line":77,"column":4},"end":{"line":77,"column":null}},"22":{"start":{"line":78,"column":4},"end":{"line":78,"column":null}},"23":{"start":{"line":79,"column":4},"end":{"line":79,"column":null}},"24":{"start":{"line":80,"column":4},"end":{"line":80,"column":null}}},"fnMap":{"0":{"name":"usePlans","decl":{"start":{"line":22,"column":16},"end":{"line":22,"column":27}},"loc":{"start":{"line":22,"column":27},"end":{"line":24,"column":null}},"line":22},"1":{"name":"(anonymous_1)","decl":{"start":{"line":23,"column":49},"end":{"line":23,"column":64}},"loc":{"start":{"line":23,"column":64},"end":{"line":23,"column":88}},"line":23},"2":{"name":"useSubscription","decl":{"start":{"line":26,"column":16},"end":{"line":26,"column":34}},"loc":{"start":{"line":26,"column":34},"end":{"line":31,"column":null}},"line":26},"3":{"name":"(anonymous_3)","decl":{"start":{"line":29,"column":4},"end":{"line":29,"column":19}},"loc":{"start":{"line":29,"column":19},"end":{"line":29,"column":null}},"line":29},"4":{"name":"usePayments","decl":{"start":{"line":33,"column":16},"end":{"line":33,"column":30}},"loc":{"start":{"line":33,"column":30},"end":{"line":35,"column":null}},"line":33},"5":{"name":"(anonymous_5)","decl":{"start":{"line":34,"column":52},"end":{"line":34,"column":67}},"loc":{"start":{"line":34,"column":67},"end":{"line":34,"column":101}},"line":34},"6":{"name":"useCheckout","decl":{"start":{"line":43,"column":16},"end":{"line":43,"column":30}},"loc":{"start":{"line":43,"column":30},"end":{"line":51,"column":null}},"line":43},"7":{"name":"(anonymous_7)","decl":{"start":{"line":46,"column":4},"end":{"line":46,"column":17}},"loc":{"start":{"line":46,"column":42},"end":{"line":46,"column":null}},"line":46},"8":{"name":"(anonymous_8)","decl":{"start":{"line":47,"column":4},"end":{"line":47,"column":21}},"loc":{"start":{"line":47,"column":21},"end":{"line":49,"column":null}},"line":47},"9":{"name":"useStartTrial","decl":{"start":{"line":53,"column":16},"end":{"line":53,"column":32}},"loc":{"start":{"line":53,"column":32},"end":{"line":63,"column":null}},"line":53},"10":{"name":"(anonymous_10)","decl":{"start":{"line":56,"column":4},"end":{"line":56,"column":22}},"loc":{"start":{"line":56,"column":22},"end":{"line":56,"column":null}},"line":56},"11":{"name":"(anonymous_11)","decl":{"start":{"line":57,"column":4},"end":{"line":57,"column":16}},"loc":{"start":{"line":57,"column":33},"end":{"line":61,"column":null}},"line":57},"12":{"name":"useDiscountPreview","decl":{"start":{"line":66,"column":16},"end":{"line":66,"column":37}},"loc":{"start":{"line":66,"column":37},"end":{"line":71,"column":null}},"line":66},"13":{"name":"(anonymous_13)","decl":{"start":{"line":68,"column":4},"end":{"line":68,"column":17}},"loc":{"start":{"line":69,"column":6},"end":{"line":69,"column":null}},"line":69},"14":{"name":"useRefreshBilling","decl":{"start":{"line":74,"column":16},"end":{"line":74,"column":48}},"loc":{"start":{"line":74,"column":48},"end":{"line":82,"column":null}},"line":74},"15":{"name":"(anonymous_15)","decl":{"start":{"line":76,"column":2},"end":{"line":76,"column":15}},"loc":{"start":{"line":76,"column":15},"end":{"line":81,"column":null}},"line":76}},"branchMap":{},"s":{"0":1,"1":41,"2":13,"3":41,"4":12,"5":0,"6":0,"7":41,"8":41,"9":4,"10":3,"11":41,"12":41,"13":1,"14":1,"15":1,"16":1,"17":41,"18":2,"19":41,"20":41,"21":1,"22":1,"23":1,"24":1},"f":{"0":41,"1":13,"2":41,"3":12,"4":0,"5":0,"6":41,"7":4,"8":3,"9":41,"10":1,"11":1,"12":41,"13":2,"14":41,"15":1},"b":{},"meta":{"lastBranch":0,"lastFunction":16,"lastStatement":25,"seen":{"s:16:27:20:Infinity":0,"f:22:16:22:27":0,"s:23:2:23:Infinity":1,"f:23:49:23:64":1,"s:23:64:23:88":2,"f:26:16:26:34":2,"s:27:2:30:Infinity":3,"f:29:4:29:19":3,"s:29:19:29:Infinity":4,"f:33:16:33:30":4,"s:34:2:34:Infinity":5,"f:34:52:34:67":5,"s:34:67:34:101":6,"f:43:16:43:30":6,"s:44:17:44:32":7,"s:45:2:50:Infinity":8,"f:46:4:46:17":7,"s:46:42:46:Infinity":9,"f:47:4:47:21":8,"s:48:6:48:Infinity":10,"f:53:16:53:32":9,"s:54:17:54:32":11,"s:55:2:62:Infinity":12,"f:56:4:56:22":10,"s:56:22:56:Infinity":13,"f:57:4:57:16":11,"s:58:6:58:Infinity":14,"s:59:6:59:Infinity":15,"s:60:6:60:Infinity":16,"f:66:16:66:37":12,"s:67:2:70:Infinity":17,"f:68:4:68:17":13,"s:69:6:69:Infinity":18,"f:74:16:74:48":14,"s:75:17:75:32":19,"s:76:2:81:Infinity":20,"f:76:2:76:15":15,"s:77:4:77:Infinity":21,"s:78:4:78:Infinity":22,"s:79:4:79:Infinity":23,"s:80:4:80:Infinity":24},"fnNames":{}}}
,"D:\\telegrambotplayer\\miniapp\\src\\api\\client.ts": {"path":"D:\\telegrambotplayer\\miniapp\\src\\api\\client.ts","statementMap":{"0":{"start":{"line":42,"column":4},"end":{"line":42,"column":null}},"1":{"start":{"line":37,"column":13},"end":{"line":37,"column":null}},"2":{"start":{"line":38,"column":13},"end":{"line":38,"column":null}},"3":{"start":{"line":40,"column":13},"end":{"line":40,"column":48}},"4":{"start":{"line":43,"column":4},"end":{"line":43,"column":null}},"5":{"start":{"line":48,"column":4},"end":{"line":48,"column":null}},"6":{"start":{"line":52,"column":20},"end":{"line":52,"column":null}},"7":{"start":{"line":53,"column":14},"end":{"line":53,"column":null}},"8":{"start":{"line":55,"column":33},"end":{"line":55,"column":null}},"9":{"start":{"line":56,"column":22},"end":{"line":56,"column":null}},"10":{"start":{"line":57,"column":41},"end":{"line":57,"column":null}},"11":{"start":{"line":58,"column":42},"end":{"line":58,"column":null}},"12":{"start":{"line":61,"column":2},"end":{"line":61,"column":null}},"13":{"start":{"line":65,"column":2},"end":{"line":69,"column":null}},"14":{"start":{"line":66,"column":4},"end":{"line":66,"column":null}},"15":{"start":{"line":68,"column":4},"end":{"line":68,"column":null}},"16":{"start":{"line":73,"column":2},"end":{"line":73,"column":null}},"17":{"start":{"line":74,"column":2},"end":{"line":74,"column":null}},"18":{"start":{"line":75,"column":2},"end":{"line":79,"column":null}},"19":{"start":{"line":76,"column":4},"end":{"line":76,"column":null}},"20":{"start":{"line":83,"column":2},"end":{"line":83,"column":null}},"21":{"start":{"line":84,"column":2},"end":{"line":84,"column":null}},"22":{"start":{"line":85,"column":2},"end":{"line":89,"column":null}},"23":{"start":{"line":86,"column":4},"end":{"line":86,"column":null}},"24":{"start":{"line":93,"column":2},"end":{"line":93,"column":null}},"25":{"start":{"line":93,"column":31},"end":{"line":93,"column":null}},"26":{"start":{"line":94,"column":15},"end":{"line":94,"column":null}},"27":{"start":{"line":95,"column":2},"end":{"line":95,"column":null}},"28":{"start":{"line":99,"column":18},"end":{"line":99,"column":null}},"29":{"start":{"line":100,"column":2},"end":{"line":100,"column":null}},"30":{"start":{"line":100,"column":17},"end":{"line":100,"column":null}},"31":{"start":{"line":101,"column":2},"end":{"line":101,"column":null}},"32":{"start":{"line":101,"column":13},"end":{"line":101,"column":null}},"33":{"start":{"line":102,"column":19},"end":{"line":102,"column":null}},"34":{"start":{"line":103,"column":16},"end":{"line":103,"column":null}},"35":{"start":{"line":104,"column":2},"end":{"line":112,"column":null}},"36":{"start":{"line":105,"column":18},"end":{"line":105,"column":null}},"37":{"start":{"line":106,"column":4},"end":{"line":111,"column":null}},"38":{"start":{"line":113,"column":2},"end":{"line":113,"column":null}},"39":{"start":{"line":117,"column":19},"end":{"line":117,"column":31}},"40":{"start":{"line":118,"column":2},"end":{"line":118,"column":null}},"41":{"start":{"line":118,"column":17},"end":{"line":118,"column":null}},"42":{"start":{"line":119,"column":15},"end":{"line":122,"column":null}},"43":{"start":{"line":123,"column":2},"end":{"line":123,"column":null}},"44":{"start":{"line":124,"column":2},"end":{"line":124,"column":null}},"45":{"start":{"line":128,"column":18},"end":{"line":128,"column":null}},"46":{"start":{"line":129,"column":2},"end":{"line":142,"column":null}},"47":{"start":{"line":130,"column":4},"end":{"line":141,"column":null}},"48":{"start":{"line":131,"column":6},"end":{"line":136,"column":null}},"49":{"start":{"line":137,"column":6},"end":{"line":137,"column":null}},"50":{"start":{"line":139,"column":6},"end":{"line":139,"column":null}},"51":{"start":{"line":139,"column":63},"end":{"line":139,"column":null}},"52":{"start":{"line":140,"column":6},"end":{"line":140,"column":null}},"53":{"start":{"line":143,"column":2},"end":{"line":143,"column":null}},"54":{"start":{"line":148,"column":2},"end":{"line":148,"column":null}},"55":{"start":{"line":148,"column":70},"end":{"line":148,"column":null}},"56":{"start":{"line":149,"column":2},"end":{"line":151,"column":null}},"57":{"start":{"line":150,"column":4},"end":{"line":150,"column":null}},"58":{"start":{"line":152,"column":2},"end":{"line":152,"column":null}},"59":{"start":{"line":156,"column":15},"end":{"line":156,"column":null}},"60":{"start":{"line":157,"column":2},"end":{"line":157,"column":null}},"61":{"start":{"line":161,"column":2},"end":{"line":161,"column":null}},"62":{"start":{"line":162,"column":2},"end":{"line":178,"column":null}},"63":{"start":{"line":163,"column":4},"end":{"line":163,"column":null}},"64":{"start":{"line":165,"column":4},"end":{"line":173,"column":null}},"65":{"start":{"line":166,"column":6},"end":{"line":171,"column":null}},"66":{"start":{"line":167,"column":8},"end":{"line":167,"column":null}},"67":{"start":{"line":169,"column":8},"end":{"line":169,"column":null}},"68":{"start":{"line":170,"column":8},"end":{"line":170,"column":null}},"69":{"start":{"line":172,"column":6},"end":{"line":172,"column":null}},"70":{"start":{"line":174,"column":4},"end":{"line":176,"column":null}},"71":{"start":{"line":175,"column":6},"end":{"line":175,"column":null}},"72":{"start":{"line":177,"column":4},"end":{"line":177,"column":null}},"73":{"start":{"line":181,"column":13},"end":{"line":181,"column":null}},"74":{"start":{"line":181,"column":52},"end":{"line":181,"column":null}},"75":{"start":{"line":182,"column":13},"end":{"line":183,"column":null}},"76":{"start":{"line":183,"column":2},"end":{"line":183,"column":null}},"77":{"start":{"line":184,"column":13},"end":{"line":185,"column":null}},"78":{"start":{"line":185,"column":2},"end":{"line":185,"column":null}},"79":{"start":{"line":186,"column":13},"end":{"line":187,"column":null}},"80":{"start":{"line":187,"column":2},"end":{"line":187,"column":null}},"81":{"start":{"line":188,"column":13},"end":{"line":188,"column":null}},"82":{"start":{"line":188,"column":52},"end":{"line":188,"column":null}},"83":{"start":{"line":192,"column":17},"end":{"line":192,"column":null}},"84":{"start":{"line":193,"column":2},"end":{"line":195,"column":null}},"85":{"start":{"line":194,"column":4},"end":{"line":194,"column":null}},"86":{"start":{"line":194,"column":63},"end":{"line":194,"column":null}},"87":{"start":{"line":196,"column":15},"end":{"line":196,"column":null}},"88":{"start":{"line":197,"column":2},"end":{"line":197,"column":null}},"89":{"start":{"line":202,"column":2},"end":{"line":202,"column":null}},"90":{"start":{"line":203,"column":2},"end":{"line":203,"column":null}},"91":{"start":{"line":204,"column":2},"end":{"line":204,"column":null}}},"fnMap":{"0":{"name":"constructor","decl":{"start":{"line":36,"column":2},"end":{"line":36,"column":null}},"loc":{"start":{"line":41,"column":4},"end":{"line":44,"column":null}},"line":41},"1":{"name":"isPlanLimit","decl":{"start":{"line":47,"column":6},"end":{"line":47,"column":29}},"loc":{"start":{"line":47,"column":29},"end":{"line":49,"column":null}},"line":47},"2":{"name":"setUnauthorizedHandler","decl":{"start":{"line":60,"column":16},"end":{"line":60,"column":39}},"loc":{"start":{"line":60,"column":70},"end":{"line":62,"column":null}},"line":60},"3":{"name":"readRefresh","decl":{"start":{"line":64,"column":9},"end":{"line":64,"column":38}},"loc":{"start":{"line":64,"column":38},"end":{"line":70,"column":null}},"line":64},"4":{"name":"storeTokens","decl":{"start":{"line":72,"column":9},"end":{"line":72,"column":21}},"loc":{"start":{"line":72,"column":44},"end":{"line":80,"column":null}},"line":72},"5":{"name":"clearTokens","decl":{"start":{"line":82,"column":16},"end":{"line":82,"column":36}},"loc":{"start":{"line":82,"column":36},"end":{"line":90,"column":null}},"line":82},"6":{"name":"parse","decl":{"start":{"line":92,"column":15},"end":{"line":92,"column":21}},"loc":{"start":{"line":92,"column":59},"end":{"line":96,"column":null}},"line":92},"7":{"name":"raw","decl":{"start":{"line":98,"column":15},"end":{"line":98,"column":22}},"loc":{"start":{"line":98,"column":95},"end":{"line":114,"column":null}},"line":98},"8":{"name":"loginWithInitData","decl":{"start":{"line":116,"column":15},"end":{"line":116,"column":55}},"loc":{"start":{"line":116,"column":55},"end":{"line":125,"column":null}},"line":116},"9":{"name":"refreshTokens","decl":{"start":{"line":127,"column":15},"end":{"line":127,"column":46}},"loc":{"start":{"line":127,"column":46},"end":{"line":144,"column":null}},"line":127},"10":{"name":"authorize","decl":{"start":{"line":147,"column":15},"end":{"line":147,"column":25}},"loc":{"start":{"line":147,"column":55},"end":{"line":153,"column":null}},"line":147},"11":{"name":"(anonymous_11)","decl":{"start":{"line":149,"column":35},"end":{"line":149,"column":49}},"loc":{"start":{"line":149,"column":49},"end":{"line":151,"column":3}},"line":149},"12":{"name":"login","decl":{"start":{"line":155,"column":22},"end":{"line":155,"column":50}},"loc":{"start":{"line":155,"column":50},"end":{"line":158,"column":null}},"line":155},"13":{"name":"api","decl":{"start":{"line":160,"column":22},"end":{"line":160,"column":29}},"loc":{"start":{"line":160,"column":79},"end":{"line":179,"column":null}},"line":160},"14":{"name":"(anonymous_14)","decl":{"start":{"line":181,"column":13},"end":{"line":181,"column":23}},"loc":{"start":{"line":181,"column":52},"end":{"line":181,"column":null}},"line":181},"15":{"name":"(anonymous_15)","decl":{"start":{"line":182,"column":13},"end":{"line":182,"column":24}},"loc":{"start":{"line":183,"column":2},"end":{"line":183,"column":null}},"line":183},"16":{"name":"(anonymous_16)","decl":{"start":{"line":184,"column":13},"end":{"line":184,"column":23}},"loc":{"start":{"line":185,"column":2},"end":{"line":185,"column":null}},"line":185},"17":{"name":"(anonymous_17)","decl":{"start":{"line":186,"column":13},"end":{"line":186,"column":25}},"loc":{"start":{"line":187,"column":2},"end":{"line":187,"column":null}},"line":187},"18":{"name":"(anonymous_18)","decl":{"start":{"line":188,"column":13},"end":{"line":188,"column":23}},"loc":{"start":{"line":188,"column":52},"end":{"line":188,"column":null}},"line":188},"19":{"name":"qs","decl":{"start":{"line":191,"column":16},"end":{"line":191,"column":19}},"loc":{"start":{"line":191,"column":97},"end":{"line":198,"column":null}},"line":191},"20":{"name":"__setAuthForTests","decl":{"start":{"line":201,"column":16},"end":{"line":201,"column":34}},"loc":{"start":{"line":201,"column":95},"end":{"line":205,"column":null}},"line":201}},"branchMap":{"0":{"loc":{"start":{"line":40,"column":4},"end":{"line":40,"column":null}},"type":"default-arg","locations":[{"start":{"line":40,"column":48},"end":{"line":40,"column":null}}],"line":40},"1":{"loc":{"start":{"line":53,"column":14},"end":{"line":53,"column":null}},"type":"binary-expr","locations":[{"start":{"line":53,"column":14},"end":{"line":53,"column":89}},{"start":{"line":53,"column":89},"end":{"line":53,"column":null}}],"line":53},"2":{"loc":{"start":{"line":93,"column":2},"end":{"line":93,"column":null}},"type":"if","locations":[{"start":{"line":93,"column":2},"end":{"line":93,"column":null}},{"start":{},"end":{}}],"line":93},"3":{"loc":{"start":{"line":95,"column":9},"end":{"line":95,"column":null}},"type":"cond-expr","locations":[{"start":{"line":95,"column":16},"end":{"line":95,"column":35}},{"start":{"line":95,"column":35},"end":{"line":95,"column":null}}],"line":95},"4":{"loc":{"start":{"line":98,"column":36},"end":{"line":98,"column":60}},"type":"default-arg","locations":[{"start":{"line":98,"column":56},"end":{"line":98,"column":60}}],"line":98},"5":{"loc":{"start":{"line":100,"column":2},"end":{"line":100,"column":null}},"type":"if","locations":[{"start":{"line":100,"column":2},"end":{"line":100,"column":null}},{"start":{},"end":{}}],"line":100},"6":{"loc":{"start":{"line":101,"column":2},"end":{"line":101,"column":null}},"type":"if","locations":[{"start":{"line":101,"column":2},"end":{"line":101,"column":null}},{"start":{},"end":{}}],"line":101},"7":{"loc":{"start":{"line":104,"column":2},"end":{"line":112,"column":null}},"type":"if","locations":[{"start":{"line":104,"column":2},"end":{"line":112,"column":null}},{"start":{},"end":{}}],"line":104},"8":{"loc":{"start":{"line":108,"column":6},"end":{"line":108,"column":null}},"type":"binary-expr","locations":[{"start":{"line":108,"column":6},"end":{"line":108,"column":21}},{"start":{"line":108,"column":21},"end":{"line":108,"column":null}}],"line":108},"9":{"loc":{"start":{"line":109,"column":6},"end":{"line":109,"column":null}},"type":"binary-expr","locations":[{"start":{"line":109,"column":6},"end":{"line":109,"column":24}},{"start":{"line":109,"column":24},"end":{"line":109,"column":null}}],"line":109},"10":{"loc":{"start":{"line":110,"column":6},"end":{"line":110,"column":null}},"type":"binary-expr","locations":[{"start":{"line":110,"column":6},"end":{"line":110,"column":24}},{"start":{"line":110,"column":24},"end":{"line":110,"column":null}}],"line":110},"11":{"loc":{"start":{"line":118,"column":2},"end":{"line":118,"column":null}},"type":"if","locations":[{"start":{"line":118,"column":2},"end":{"line":118,"column":null}},{"start":{},"end":{}}],"line":118},"12":{"loc":{"start":{"line":129,"column":2},"end":{"line":142,"column":null}},"type":"if","locations":[{"start":{"line":129,"column":2},"end":{"line":142,"column":null}},{"start":{},"end":{}}],"line":129},"13":{"loc":{"start":{"line":139,"column":6},"end":{"line":139,"column":null}},"type":"if","locations":[{"start":{"line":139,"column":6},"end":{"line":139,"column":null}},{"start":{},"end":{}}],"line":139},"14":{"loc":{"start":{"line":139,"column":10},"end":{"line":139,"column":63}},"type":"binary-expr","locations":[{"start":{"line":139,"column":10},"end":{"line":139,"column":42}},{"start":{"line":139,"column":42},"end":{"line":139,"column":63}}],"line":139},"15":{"loc":{"start":{"line":147,"column":25},"end":{"line":147,"column":55}},"type":"default-arg","locations":[{"start":{"line":147,"column":33},"end":{"line":147,"column":55}}],"line":147},"16":{"loc":{"start":{"line":148,"column":2},"end":{"line":148,"column":null}},"type":"if","locations":[{"start":{"line":148,"column":2},"end":{"line":148,"column":null}},{"start":{},"end":{}}],"line":148},"17":{"loc":{"start":{"line":148,"column":6},"end":{"line":148,"column":70}},"type":"binary-expr","locations":[{"start":{"line":148,"column":6},"end":{"line":148,"column":16}},{"start":{"line":148,"column":16},"end":{"line":148,"column":31}},{"start":{"line":148,"column":31},"end":{"line":148,"column":70}}],"line":148},"18":{"loc":{"start":{"line":160,"column":43},"end":{"line":160,"column":79}},"type":"default-arg","locations":[{"start":{"line":160,"column":63},"end":{"line":160,"column":79}}],"line":160},"19":{"loc":{"start":{"line":165,"column":4},"end":{"line":173,"column":null}},"type":"if","locations":[{"start":{"line":165,"column":4},"end":{"line":173,"column":null}},{"start":{},"end":{}}],"line":165},"20":{"loc":{"start":{"line":165,"column":8},"end":{"line":165,"column":59}},"type":"binary-expr","locations":[{"start":{"line":165,"column":8},"end":{"line":165,"column":37}},{"start":{"line":165,"column":37},"end":{"line":165,"column":59}}],"line":165},"21":{"loc":{"start":{"line":174,"column":4},"end":{"line":176,"column":null}},"type":"if","locations":[{"start":{"line":174,"column":4},"end":{"line":176,"column":null}},{"start":{},"end":{}}],"line":174},"22":{"loc":{"start":{"line":174,"column":8},"end":{"line":174,"column":89}},"type":"binary-expr","locations":[{"start":{"line":174,"column":8},"end":{"line":174,"column":37}},{"start":{"line":174,"column":37},"end":{"line":174,"column":61}},{"start":{"line":174,"column":61},"end":{"line":174,"column":89}}],"line":174},"23":{"loc":{"start":{"line":183,"column":39},"end":{"line":183,"column":93}},"type":"cond-expr","locations":[{"start":{"line":183,"column":60},"end":{"line":183,"column":72}},{"start":{"line":183,"column":72},"end":{"line":183,"column":93}}],"line":183},"24":{"loc":{"start":{"line":185,"column":38},"end":{"line":185,"column":92}},"type":"cond-expr","locations":[{"start":{"line":185,"column":59},"end":{"line":185,"column":71}},{"start":{"line":185,"column":71},"end":{"line":185,"column":92}}],"line":185},"25":{"loc":{"start":{"line":194,"column":4},"end":{"line":194,"column":null}},"type":"if","locations":[{"start":{"line":194,"column":4},"end":{"line":194,"column":null}},{"start":{},"end":{}}],"line":194},"26":{"loc":{"start":{"line":194,"column":8},"end":{"line":194,"column":63}},"type":"binary-expr","locations":[{"start":{"line":194,"column":8},"end":{"line":194,"column":26}},{"start":{"line":194,"column":26},"end":{"line":194,"column":49}},{"start":{"line":194,"column":49},"end":{"line":194,"column":63}}],"line":194},"27":{"loc":{"start":{"line":197,"column":9},"end":{"line":197,"column":null}},"type":"cond-expr","locations":[{"start":{"line":197,"column":16},"end":{"line":197,"column":29}},{"start":{"line":197,"column":29},"end":{"line":197,"column":null}}],"line":197},"28":{"loc":{"start":{"line":201,"column":56},"end":{"line":201,"column":95}},"type":"default-arg","locations":[{"start":{"line":201,"column":68},"end":{"line":201,"column":95}}],"line":201}},"s":{"0":31,"1":31,"2":31,"3":31,"4":31,"5":8,"6":7,"7":7,"8":7,"9":7,"10":7,"11":7,"12":0,"13":3,"14":3,"15":0,"16":4,"17":4,"18":4,"19":4,"20":7,"21":7,"22":7,"23":7,"24":226,"25":0,"26":226,"27":226,"28":226,"29":226,"30":48,"31":226,"32":221,"33":226,"34":226,"35":226,"36":31,"37":31,"38":195,"39":3,"40":3,"41":0,"42":3,"43":3,"44":3,"45":3,"46":3,"47":2,"48":2,"49":1,"50":1,"51":0,"52":1,"53":2,"54":221,"55":216,"56":5,"57":3,"58":5,"59":1,"60":1,"61":218,"62":218,"63":218,"64":30,"65":3,"66":3,"67":0,"68":0,"69":3,"70":27,"71":0,"72":27,"73":7,"74":154,"75":7,"76":57,"77":7,"78":4,"79":7,"80":1,"81":7,"82":2,"83":48,"84":48,"85":100,"86":69,"87":48,"88":48,"89":66,"90":66,"91":66},"f":{"0":31,"1":8,"2":0,"3":3,"4":4,"5":7,"6":226,"7":226,"8":3,"9":3,"10":221,"11":3,"12":1,"13":218,"14":154,"15":57,"16":4,"17":1,"18":2,"19":48,"20":66},"b":{"0":[31],"1":[7,7],"2":[0,226],"3":[226,0],"4":[226],"5":[48,178],"6":[221,5],"7":[31,195],"8":[31,0],"9":[31,0],"10":[31,27],"11":[0,3],"12":[2,1],"13":[0,1],"14":[1,1],"15":[221],"16":[216,5],"17":[221,218,216],"18":[218],"19":[3,27],"20":[30,30],"21":[0,27],"22":[27,27,0],"23":[18,39],"24":[1,3],"25":[69,31],"26":[100,75,72],"27":[43,5],"28":[66]},"meta":{"lastBranch":29,"lastFunction":21,"lastStatement":92,"seen":{"f:36:2:36:Infinity":0,"b:40:48:40:Infinity":0,"s:42:4:42:Infinity":0,"s:37:13:37:Infinity":1,"s:38:13:38:Infinity":2,"s:40:13:40:48":3,"s:43:4:43:Infinity":4,"f:47:6:47:29":1,"s:48:4:48:Infinity":5,"s:52:20:52:Infinity":6,"s:53:14:53:Infinity":7,"b:53:14:53:89:53:89:53:Infinity":1,"s:55:33:55:Infinity":8,"s:56:22:56:Infinity":9,"s:57:41:57:Infinity":10,"s:58:42:58:Infinity":11,"f:60:16:60:39":2,"s:61:2:61:Infinity":12,"f:64:9:64:38":3,"s:65:2:69:Infinity":13,"s:66:4:66:Infinity":14,"s:68:4:68:Infinity":15,"f:72:9:72:21":4,"s:73:2:73:Infinity":16,"s:74:2:74:Infinity":17,"s:75:2:79:Infinity":18,"s:76:4:76:Infinity":19,"f:82:16:82:36":5,"s:83:2:83:Infinity":20,"s:84:2:84:Infinity":21,"s:85:2:89:Infinity":22,"s:86:4:86:Infinity":23,"f:92:15:92:21":6,"b:93:2:93:Infinity:undefined:undefined:undefined:undefined":2,"s:93:2:93:Infinity":24,"s:93:31:93:Infinity":25,"s:94:15:94:Infinity":26,"s:95:2:95:Infinity":27,"b:95:16:95:35:95:35:95:Infinity":3,"f:98:15:98:22":7,"b:98:56:98:60":4,"s:99:18:99:Infinity":28,"b:100:2:100:Infinity:undefined:undefined:undefined:undefined":5,"s:100:2:100:Infinity":29,"s:100:17:100:Infinity":30,"b:101:2:101:Infinity:undefined:undefined:undefined:undefined":6,"s:101:2:101:Infinity":31,"s:101:13:101:Infinity":32,"s:102:19:102:Infinity":33,"s:103:16:103:Infinity":34,"b:104:2:112:Infinity:undefined:undefined:undefined:undefined":7,"s:104:2:112:Infinity":35,"s:105:18:105:Infinity":36,"s:106:4:111:Infinity":37,"b:108:6:108:21:108:21:108:Infinity":8,"b:109:6:109:24:109:24:109:Infinity":9,"b:110:6:110:24:110:24:110:Infinity":10,"s:113:2:113:Infinity":38,"f:116:15:116:55":8,"s:117:19:117:31":39,"b:118:2:118:Infinity:undefined:undefined:undefined:undefined":11,"s:118:2:118:Infinity":40,"s:118:17:118:Infinity":41,"s:119:15:122:Infinity":42,"s:123:2:123:Infinity":43,"s:124:2:124:Infinity":44,"f:127:15:127:46":9,"s:128:18:128:Infinity":45,"b:129:2:142:Infinity:undefined:undefined:undefined:undefined":12,"s:129:2:142:Infinity":46,"s:130:4:141:Infinity":47,"s:131:6:136:Infinity":48,"s:137:6:137:Infinity":49,"b:139:6:139:Infinity:undefined:undefined:undefined:undefined":13,"s:139:6:139:Infinity":50,"b:139:10:139:42:139:42:139:63":14,"s:139:63:139:Infinity":51,"s:140:6:140:Infinity":52,"s:143:2:143:Infinity":53,"f:147:15:147:25":10,"b:147:33:147:55":15,"b:148:2:148:Infinity:undefined:undefined:undefined:undefined":16,"s:148:2:148:Infinity":54,"b:148:6:148:16:148:16:148:31:148:31:148:70":17,"s:148:70:148:Infinity":55,"s:149:2:151:Infinity":56,"f:149:35:149:49":11,"s:150:4:150:Infinity":57,"s:152:2:152:Infinity":58,"f:155:22:155:50":12,"s:156:15:156:Infinity":59,"s:157:2:157:Infinity":60,"f:160:22:160:29":13,"b:160:63:160:79":18,"s:161:2:161:Infinity":61,"s:162:2:178:Infinity":62,"s:163:4:163:Infinity":63,"b:165:4:173:Infinity:undefined:undefined:undefined:undefined":19,"s:165:4:173:Infinity":64,"b:165:8:165:37:165:37:165:59":20,"s:166:6:171:Infinity":65,"s:167:8:167:Infinity":66,"s:169:8:169:Infinity":67,"s:170:8:170:Infinity":68,"s:172:6:172:Infinity":69,"b:174:4:176:Infinity:undefined:undefined:undefined:undefined":21,"s:174:4:176:Infinity":70,"b:174:8:174:37:174:37:174:61:174:61:174:89":22,"s:175:6:175:Infinity":71,"s:177:4:177:Infinity":72,"s:181:13:181:Infinity":73,"f:181:13:181:23":14,"s:181:52:181:Infinity":74,"s:182:13:183:Infinity":75,"f:182:13:182:24":15,"s:183:2:183:Infinity":76,"b:183:60:183:72:183:72:183:93":23,"s:184:13:185:Infinity":77,"f:184:13:184:23":16,"s:185:2:185:Infinity":78,"b:185:59:185:71:185:71:185:92":24,"s:186:13:187:Infinity":79,"f:186:13:186:25":17,"s:187:2:187:Infinity":80,"s:188:13:188:Infinity":81,"f:188:13:188:23":18,"s:188:52:188:Infinity":82,"f:191:16:191:19":19,"s:192:17:192:Infinity":83,"s:193:2:195:Infinity":84,"b:194:4:194:Infinity:undefined:undefined:undefined:undefined":25,"s:194:4:194:Infinity":85,"b:194:8:194:26:194:26:194:49:194:49:194:63":26,"s:194:63:194:Infinity":86,"s:196:15:196:Infinity":87,"s:197:2:197:Infinity":88,"b:197:16:197:29:197:29:197:Infinity":27,"f:201:16:201:34":20,"b:201:68:201:95":28,"s:202:2:202:Infinity":89,"s:203:2:203:Infinity":90,"s:204:2:204:Infinity":91},"fnNames":{}}}
,"D:\\telegrambotplayer\\miniapp\\src\\api\\discover.ts": {"path":"D:\\telegrambotplayer\\miniapp\\src\\api\\discover.ts","statementMap":{"0":{"start":{"line":12,"column":28},"end":{"line":17,"column":null}},"1":{"start":{"line":14,"column":54},"end":{"line":14,"column":null}},"2":{"start":{"line":15,"column":27},"end":{"line":15,"column":null}},"3":{"start":{"line":16,"column":25},"end":{"line":16,"column":null}},"4":{"start":{"line":20,"column":2},"end":{"line":24,"column":null}},"5":{"start":{"line":22,"column":19},"end":{"line":22,"column":null}},"6":{"start":{"line":28,"column":2},"end":{"line":32,"column":null}},"7":{"start":{"line":30,"column":19},"end":{"line":30,"column":null}},"8":{"start":{"line":36,"column":2},"end":{"line":40,"column":null}},"9":{"start":{"line":38,"column":19},"end":{"line":38,"column":null}},"10":{"start":{"line":45,"column":15},"end":{"line":45,"column":null}},"11":{"start":{"line":46,"column":2},"end":{"line":46,"column":null}},"12":{"start":{"line":50,"column":17},"end":{"line":50,"column":32}},"13":{"start":{"line":51,"column":2},"end":{"line":54,"column":null}},"14":{"start":{"line":52,"column":22},"end":{"line":52,"column":null}},"15":{"start":{"line":53,"column":25},"end":{"line":53,"column":null}}},"fnMap":{"0":{"name":"(anonymous_0)","decl":{"start":{"line":14,"column":2},"end":{"line":14,"column":13}},"loc":{"start":{"line":14,"column":54},"end":{"line":14,"column":null}},"line":14},"1":{"name":"(anonymous_1)","decl":{"start":{"line":15,"column":2},"end":{"line":15,"column":12}},"loc":{"start":{"line":15,"column":27},"end":{"line":15,"column":null}},"line":15},"2":{"name":"(anonymous_2)","decl":{"start":{"line":16,"column":2},"end":{"line":16,"column":10}},"loc":{"start":{"line":16,"column":25},"end":{"line":16,"column":null}},"line":16},"3":{"name":"useDiscover","decl":{"start":{"line":19,"column":16},"end":{"line":19,"column":30}},"loc":{"start":{"line":19,"column":30},"end":{"line":25,"column":null}},"line":19},"4":{"name":"(anonymous_4)","decl":{"start":{"line":22,"column":4},"end":{"line":22,"column":19}},"loc":{"start":{"line":22,"column":19},"end":{"line":22,"column":null}},"line":22},"5":{"name":"useTrending","decl":{"start":{"line":27,"column":16},"end":{"line":27,"column":28}},"loc":{"start":{"line":27,"column":66},"end":{"line":33,"column":null}},"line":27},"6":{"name":"(anonymous_6)","decl":{"start":{"line":30,"column":4},"end":{"line":30,"column":19}},"loc":{"start":{"line":30,"column":19},"end":{"line":30,"column":null}},"line":30},"7":{"name":"useSimilar","decl":{"start":{"line":35,"column":16},"end":{"line":35,"column":27}},"loc":{"start":{"line":35,"column":51},"end":{"line":41,"column":null}},"line":35},"8":{"name":"(anonymous_8)","decl":{"start":{"line":38,"column":4},"end":{"line":38,"column":19}},"loc":{"start":{"line":38,"column":19},"end":{"line":38,"column":null}},"line":38},"9":{"name":"fetchRadio","decl":{"start":{"line":44,"column":22},"end":{"line":44,"column":33}},"loc":{"start":{"line":44,"column":68},"end":{"line":47,"column":null}},"line":44},"10":{"name":"useRefreshDiscover","decl":{"start":{"line":49,"column":16},"end":{"line":49,"column":37}},"loc":{"start":{"line":49,"column":37},"end":{"line":55,"column":null}},"line":49},"11":{"name":"(anonymous_11)","decl":{"start":{"line":52,"column":4},"end":{"line":52,"column":22}},"loc":{"start":{"line":52,"column":22},"end":{"line":52,"column":null}},"line":52},"12":{"name":"(anonymous_12)","decl":{"start":{"line":53,"column":4},"end":{"line":53,"column":16}},"loc":{"start":{"line":53,"column":25},"end":{"line":53,"column":null}},"line":53}},"branchMap":{"0":{"loc":{"start":{"line":37,"column":35},"end":{"line":37,"column":47}},"type":"binary-expr","locations":[{"start":{"line":37,"column":35},"end":{"line":37,"column":46}},{"start":{"line":37,"column":46},"end":{"line":37,"column":47}}],"line":37}},"s":{"0":2,"1":17,"2":0,"3":0,"4":17,"5":6,"6":17,"7":8,"8":0,"9":0,"10":1,"11":1,"12":17,"13":17,"14":1,"15":1},"f":{"0":17,"1":0,"2":0,"3":17,"4":6,"5":17,"6":8,"7":0,"8":0,"9":1,"10":17,"11":1,"12":1},"b":{"0":[0,0]},"meta":{"lastBranch":1,"lastFunction":13,"lastStatement":16,"seen":{"s:12:28:17:Infinity":0,"f:14:2:14:13":0,"s:14:54:14:Infinity":1,"f:15:2:15:12":1,"s:15:27:15:Infinity":2,"f:16:2:16:10":2,"s:16:25:16:Infinity":3,"f:19:16:19:30":3,"s:20:2:24:Infinity":4,"f:22:4:22:19":4,"s:22:19:22:Infinity":5,"f:27:16:27:28":5,"s:28:2:32:Infinity":6,"f:30:4:30:19":6,"s:30:19:30:Infinity":7,"f:35:16:35:27":7,"s:36:2:40:Infinity":8,"b:37:35:37:46:37:46:37:47":0,"f:38:4:38:19":8,"s:38:19:38:Infinity":9,"f:44:22:44:33":9,"s:45:15:45:Infinity":10,"s:46:2:46:Infinity":11,"f:49:16:49:37":10,"s:50:17:50:32":12,"s:51:2:54:Infinity":13,"f:52:4:52:22":11,"s:52:22:52:Infinity":14,"f:53:4:53:16":12,"s:53:25:53:Infinity":15},"fnNames":{}}}
,"D:\\telegrambotplayer\\miniapp\\src\\api\\hooks.ts": {"path":"D:\\telegrambotplayer\\miniapp\\src\\api\\hooks.ts","statementMap":{"0":{"start":{"line":37,"column":13},"end":{"line":37,"column":null}},"1":{"start":{"line":41,"column":2},"end":{"line":41,"column":null}},"2":{"start":{"line":41,"column":39},"end":{"line":41,"column":49}},"3":{"start":{"line":44,"column":20},"end":{"line":58,"column":null}},"4":{"start":{"line":47,"column":43},"end":{"line":47,"column":null}},"5":{"start":{"line":49,"column":27},"end":{"line":49,"column":null}},"6":{"start":{"line":50,"column":33},"end":{"line":50,"column":null}},"7":{"start":{"line":51,"column":44},"end":{"line":51,"column":null}},"8":{"start":{"line":54,"column":26},"end":{"line":54,"column":null}},"9":{"start":{"line":55,"column":32},"end":{"line":55,"column":null}},"10":{"start":{"line":56,"column":63},"end":{"line":56,"column":null}},"11":{"start":{"line":57,"column":26},"end":{"line":57,"column":null}},"12":{"start":{"line":61,"column":2},"end":{"line":61,"column":null}},"13":{"start":{"line":61,"column":54},"end":{"line":61,"column":73}},"14":{"start":{"line":65,"column":2},"end":{"line":71,"column":null}},"15":{"start":{"line":67,"column":19},"end":{"line":67,"column":null}},"16":{"start":{"line":70,"column":6},"end":{"line":70,"column":null}},"17":{"start":{"line":70,"column":36},"end":{"line":70,"column":85}},"18":{"start":{"line":75,"column":17},"end":{"line":75,"column":32}},"19":{"start":{"line":76,"column":2},"end":{"line":82,"column":null}},"20":{"start":{"line":77,"column":33},"end":{"line":77,"column":null}},"21":{"start":{"line":79,"column":6},"end":{"line":79,"column":null}},"22":{"start":{"line":80,"column":6},"end":{"line":80,"column":null}},"23":{"start":{"line":86,"column":17},"end":{"line":86,"column":32}},"24":{"start":{"line":87,"column":2},"end":{"line":93,"column":null}},"25":{"start":{"line":88,"column":32},"end":{"line":88,"column":null}},"26":{"start":{"line":90,"column":6},"end":{"line":90,"column":null}},"27":{"start":{"line":91,"column":6},"end":{"line":91,"column":null}},"28":{"start":{"line":97,"column":2},"end":{"line":101,"column":null}},"29":{"start":{"line":99,"column":19},"end":{"line":99,"column":null}},"30":{"start":{"line":105,"column":2},"end":{"line":111,"column":null}},"31":{"start":{"line":109,"column":6},"end":{"line":109,"column":null}},"32":{"start":{"line":110,"column":32},"end":{"line":110,"column":null}},"33":{"start":{"line":115,"column":2},"end":{"line":115,"column":null}},"34":{"start":{"line":115,"column":63},"end":{"line":115,"column":98}},"35":{"start":{"line":119,"column":2},"end":{"line":125,"column":null}},"36":{"start":{"line":123,"column":6},"end":{"line":123,"column":null}},"37":{"start":{"line":124,"column":32},"end":{"line":124,"column":null}},"38":{"start":{"line":129,"column":2},"end":{"line":135,"column":null}},"39":{"start":{"line":133,"column":6},"end":{"line":133,"column":null}},"40":{"start":{"line":134,"column":32},"end":{"line":134,"column":null}},"41":{"start":{"line":139,"column":2},"end":{"line":144,"column":null}},"42":{"start":{"line":142,"column":32},"end":{"line":142,"column":null}},"43":{"start":{"line":143,"column":32},"end":{"line":143,"column":null}},"44":{"start":{"line":148,"column":2},"end":{"line":148,"column":null}},"45":{"start":{"line":148,"column":65},"end":{"line":148,"column":109}},"46":{"start":{"line":152,"column":2},"end":{"line":152,"column":null}},"47":{"start":{"line":152,"column":62},"end":{"line":152,"column":95}},"48":{"start":{"line":156,"column":2},"end":{"line":162,"column":null}},"49":{"start":{"line":160,"column":6},"end":{"line":160,"column":null}},"50":{"start":{"line":161,"column":32},"end":{"line":161,"column":null}},"51":{"start":{"line":166,"column":2},"end":{"line":171,"column":null}},"52":{"start":{"line":168,"column":19},"end":{"line":168,"column":null}},"53":{"start":{"line":170,"column":35},"end":{"line":170,"column":null}},"54":{"start":{"line":175,"column":2},"end":{"line":179,"column":null}},"55":{"start":{"line":177,"column":19},"end":{"line":177,"column":null}},"56":{"start":{"line":183,"column":17},"end":{"line":183,"column":32}},"57":{"start":{"line":184,"column":2},"end":{"line":187,"column":null}},"58":{"start":{"line":185,"column":22},"end":{"line":185,"column":null}},"59":{"start":{"line":186,"column":21},"end":{"line":186,"column":null}},"60":{"start":{"line":191,"column":17},"end":{"line":191,"column":32}},"61":{"start":{"line":192,"column":2},"end":{"line":195,"column":null}},"62":{"start":{"line":193,"column":39},"end":{"line":193,"column":null}},"63":{"start":{"line":194,"column":23},"end":{"line":194,"column":null}}},"fnMap":{"0":{"name":"flatten","decl":{"start":{"line":40,"column":16},"end":{"line":40,"column":27}},"loc":{"start":{"line":40,"column":73},"end":{"line":42,"column":null}},"line":40},"1":{"name":"(anonymous_1)","decl":{"start":{"line":41,"column":21},"end":{"line":41,"column":30}},"loc":{"start":{"line":41,"column":39},"end":{"line":41,"column":49}},"line":41},"2":{"name":"(anonymous_2)","decl":{"start":{"line":47,"column":2},"end":{"line":47,"column":13}},"loc":{"start":{"line":47,"column":43},"end":{"line":47,"column":null}},"line":47},"3":{"name":"(anonymous_3)","decl":{"start":{"line":49,"column":2},"end":{"line":49,"column":12}},"loc":{"start":{"line":49,"column":27},"end":{"line":49,"column":null}},"line":49},"4":{"name":"(anonymous_4)","decl":{"start":{"line":50,"column":2},"end":{"line":50,"column":18}},"loc":{"start":{"line":50,"column":33},"end":{"line":50,"column":null}},"line":50},"5":{"name":"(anonymous_5)","decl":{"start":{"line":51,"column":2},"end":{"line":51,"column":18}},"loc":{"start":{"line":51,"column":44},"end":{"line":51,"column":null}},"line":51},"6":{"name":"(anonymous_6)","decl":{"start":{"line":54,"column":2},"end":{"line":54,"column":11}},"loc":{"start":{"line":54,"column":26},"end":{"line":54,"column":null}},"line":54},"7":{"name":"(anonymous_7)","decl":{"start":{"line":55,"column":2},"end":{"line":55,"column":17}},"loc":{"start":{"line":55,"column":32},"end":{"line":55,"column":null}},"line":55},"8":{"name":"(anonymous_8)","decl":{"start":{"line":56,"column":2},"end":{"line":56,"column":11}},"loc":{"start":{"line":56,"column":63},"end":{"line":56,"column":null}},"line":56},"9":{"name":"(anonymous_9)","decl":{"start":{"line":57,"column":2},"end":{"line":57,"column":12}},"loc":{"start":{"line":57,"column":26},"end":{"line":57,"column":null}},"line":57},"10":{"name":"useMe","decl":{"start":{"line":60,"column":16},"end":{"line":60,"column":24}},"loc":{"start":{"line":60,"column":24},"end":{"line":62,"column":null}},"line":60},"11":{"name":"(anonymous_11)","decl":{"start":{"line":61,"column":39},"end":{"line":61,"column":54}},"loc":{"start":{"line":61,"column":54},"end":{"line":61,"column":73}},"line":61},"12":{"name":"useMyChannels","decl":{"start":{"line":64,"column":16},"end":{"line":64,"column":32}},"loc":{"start":{"line":64,"column":32},"end":{"line":72,"column":null}},"line":64},"13":{"name":"(anonymous_13)","decl":{"start":{"line":67,"column":4},"end":{"line":67,"column":19}},"loc":{"start":{"line":67,"column":19},"end":{"line":67,"column":null}},"line":67},"14":{"name":"(anonymous_14)","decl":{"start":{"line":69,"column":4},"end":{"line":69,"column":22}},"loc":{"start":{"line":70,"column":6},"end":{"line":70,"column":null}},"line":70},"15":{"name":"(anonymous_15)","decl":{"start":{"line":70,"column":24},"end":{"line":70,"column":30}},"loc":{"start":{"line":70,"column":36},"end":{"line":70,"column":85}},"line":70},"16":{"name":"useAddChannel","decl":{"start":{"line":74,"column":16},"end":{"line":74,"column":32}},"loc":{"start":{"line":74,"column":32},"end":{"line":83,"column":null}},"line":74},"17":{"name":"(anonymous_17)","decl":{"start":{"line":77,"column":4},"end":{"line":77,"column":17}},"loc":{"start":{"line":77,"column":33},"end":{"line":77,"column":null}},"line":77},"18":{"name":"(anonymous_18)","decl":{"start":{"line":78,"column":4},"end":{"line":78,"column":21}},"loc":{"start":{"line":78,"column":21},"end":{"line":81,"column":null}},"line":78},"19":{"name":"useRemoveChannel","decl":{"start":{"line":85,"column":16},"end":{"line":85,"column":35}},"loc":{"start":{"line":85,"column":35},"end":{"line":94,"column":null}},"line":85},"20":{"name":"(anonymous_20)","decl":{"start":{"line":88,"column":4},"end":{"line":88,"column":17}},"loc":{"start":{"line":88,"column":32},"end":{"line":88,"column":null}},"line":88},"21":{"name":"(anonymous_21)","decl":{"start":{"line":89,"column":4},"end":{"line":89,"column":21}},"loc":{"start":{"line":89,"column":21},"end":{"line":92,"column":null}},"line":89},"22":{"name":"useCategories","decl":{"start":{"line":96,"column":16},"end":{"line":96,"column":32}},"loc":{"start":{"line":96,"column":32},"end":{"line":102,"column":null}},"line":96},"23":{"name":"(anonymous_23)","decl":{"start":{"line":99,"column":4},"end":{"line":99,"column":19}},"loc":{"start":{"line":99,"column":19},"end":{"line":99,"column":null}},"line":99},"24":{"name":"useFeaturedChannels","decl":{"start":{"line":104,"column":16},"end":{"line":104,"column":36}},"loc":{"start":{"line":104,"column":63},
[...]
t":{"line":241,"column":87},"end":{"line":241,"column":93}}],"line":241},"28":{"loc":{"start":{"line":248,"column":15},"end":{"line":248,"column":34}},"type":"default-arg","locations":[{"start":{"line":248,"column":27},"end":{"line":248,"column":34}}],"line":248},"29":{"loc":{"start":{"line":250,"column":4},"end":{"line":253,"column":null}},"type":"if","locations":[{"start":{"line":250,"column":4},"end":{"line":253,"column":null}},{"start":{},"end":{}}],"line":250},"30":{"loc":{"start":{"line":250,"column":8},"end":{"line":250,"column":51}},"type":"binary-expr","locations":[{"start":{"line":250,"column":8},"end":{"line":250,"column":19}},{"start":{"line":250,"column":19},"end":{"line":250,"column":31}},{"start":{"line":250,"column":31},"end":{"line":250,"column":51}}],"line":250},"31":{"loc":{"start":{"line":251,"column":23},"end":{"line":251,"column":null}},"type":"binary-expr","locations":[{"start":{"line":251,"column":23},"end":{"line":251,"column":36}},{"start":{"line":251,"column":36},"end":{"line":251,"column":null}}],"line":251},"32":{"loc":{"start":{"line":262,"column":6},"end":{"line":262,"column":null}},"type":"if","locations":[{"start":{"line":262,"column":6},"end":{"line":262,"column":null}},{"start":{},"end":{}}],"line":262},"33":{"loc":{"start":{"line":262,"column":10},"end":{"line":262,"column":43}},"type":"binary-expr","locations":[{"start":{"line":262,"column":10},"end":{"line":262,"column":22}},{"start":{"line":262,"column":22},"end":{"line":262,"column":43}}],"line":262},"34":{"loc":{"start":{"line":264,"column":48},"end":{"line":264,"column":108}},"type":"cond-expr","locations":[{"start":{"line":264,"column":79},"end":{"line":264,"column":93}},{"start":{"line":264,"column":93},"end":{"line":264,"column":108}}],"line":264},"35":{"loc":{"start":{"line":267,"column":6},"end":{"line":270,"column":null}},"type":"if","locations":[{"start":{"line":267,"column":6},"end":{"line":270,"column":null}},{"start":{},"end":{}}],"line":267},"36":{"loc":{"start":{"line":267,"column":10},"end":{"line":267,"column":57}},"type":"binary-expr","locations":[{"start":{"line":267,"column":10},"end":{"line":267,"column":21}},{"start":{"line":267,"column":21},"end":{"line":267,"column":39}},{"start":{"line":267,"column":39},"end":{"line":267,"column":57}}],"line":267},"37":{"loc":{"start":{"line":285,"column":6},"end":{"line":288,"column":null}},"type":"if","locations":[{"start":{"line":285,"column":6},"end":{"line":288,"column":null}},{"start":{},"end":{}}],"line":285},"38":{"loc":{"start":{"line":293,"column":22},"end":{"line":293,"column":72}},"type":"cond-expr","locations":[{"start":{"line":293,"column":38},"end":{"line":293,"column":70}},{"start":{"line":293,"column":70},"end":{"line":293,"column":72}}],"line":293},"39":{"loc":{"start":{"line":297,"column":6},"end":{"line":297,"column":null}},"type":"if","locations":[{"start":{"line":297,"column":6},"end":{"line":297,"column":null}},{"start":{},"end":{}}],"line":297},"40":{"loc":{"start":{"line":325,"column":16},"end":{"line":325,"column":null}},"type":"binary-expr","locations":[{"start":{"line":325,"column":16},"end":{"line":325,"column":28}},{"start":{"line":325,"column":16},"end":{"line":325,"column":null}}],"line":325},"41":{"loc":{"start":{"line":335,"column":18},"end":{"line":335,"column":null}},"type":"cond-expr","locations":[{"start":{"line":335,"column":24},"end":{"line":335,"column":76}},{"start":{"line":335,"column":76},"end":{"line":335,"column":null}}],"line":335},"42":{"loc":{"start":{"line":336,"column":25},"end":{"line":336,"column":42}},"type":"binary-expr","locations":[{"start":{"line":336,"column":25},"end":{"line":336,"column":36}},{"start":{"line":336,"column":36},"end":{"line":336,"column":42}}],"line":336}},"s":{"0":1,"1":1,"2":3,"3":1,"4":1,"5":1,"6":1,"7":1,"8":5,"9":5,"10":5,"11":5,"12":11,"13":11,"14":11,"15":11,"16":0,"17":11,"18":11,"19":11,"20":0,"21":0,"22":0,"23":0,"24":0,"25":0,"26":0,"27":0,"28":0,"29":0,"30":0,"31":0,"32":3,"33":3,"34":1,"35":1,"36":1,"37":0,"38":1,"39":2,"40":2,"41":1,"42":1,"43":1,"44":1,"45":1,"46":3,"47":3,"48":0,"49":1,"50":1,"51":1,"52":2,"53":2,"54":1,"55":1,"56":1,"57":2,"58":2,"59":0,"60":1,"61":1,"62":1,"63":0,"64":0,"65":0,"66":0,"67":0,"68":0,"69":0,"70":1,"71":1,"72":1,"73":1,"74":0,"75":1,"76":0,"77":0,"78":0,"79":0,"80":0,"81":2,"82":2,"83":2,"84":2,"85":2,"86":1,"87":1,"88":4,"89":1,"90":1,"91":1,"92":1,"93":0,"94":1,"95":1,"96":1,"97":3,"98":0,"99":15,"100":15,"101":1,"102":1,"103":15,"104":1,"105":1,"106":5,"107":5,"108":4,"109":5,"110":5,"111":5,"112":5,"113":5,"114":0,"115":0,"116":1,"117":0,"118":0,"119":0,"120":1,"121":0,"122":0,"123":0,"124":1,"125":0,"126":0,"127":0,"128":0,"129":0,"130":0,"131":1,"132":0,"133":0,"134":1,"135":0,"136":0,"137":0,"138":0,"139":1,"140":1,"141":1,"142":1,"143":1,"144":1,"145":1,"146":1,"147":1,"148":1,"149":1,"150":1,"151":1,"152":13,"153":13,"154":13,"155":13,"156":13,"157":13,"158":13,"159":9,"160":4,"161":4,"162":4,"163":9,"164":13,"165":0,"166":0,"167":0,"168":0,"169":0},"f":{"0":1,"1":3,"2":5,"3":11,"4":0,"5":3,"6":0,"7":2,"8":0,"9":0,"10":1,"11":0,"12":0,"13":2,"14":2,"15":4,"16":1,"17":3,"18":0,"19":15,"20":1,"21":5,"22":0,"23":0,"24":0,"25":0,"26":0,"27":1,"28":13,"29":0,"30":0,"31":0,"32":0,"33":0},"b":{"0":[1,0],"1":[11],"2":[0,11],"3":[0,11],"4":[0,0],"5":[0,0],"6":[3],"7":[1,2],"8":[3,1],"9":[1,1],"10":[2,2],"11":[1,0],"12":[1,0],"13":[0,3],"14":[1,1],"15":[1,0],"16":[0,2],"17":[0,0],"18":[1,0],"19":[1,1],"20":[0],"21":[0,0],"22":[2],"23":[2,0],"24":[1,1],"25":[0,1],"26":[0,1],"27":[1,0],"28":[15],"29":[1,14],"30":[15,4,2],"31":[1,0],"32":[4,1],"33":[5,4],"34":[0,5],"35":[0,5],"36":[5,0,0],"37":[0,0],"38":[0,0],"39":[0,0],"40":[13,13],"41":[0,9],"42":[13,9]},"meta":{"lastBranch":43,"lastFunction":34,"lastStatement":170,"seen":{"f:71:9:71:18":0,"s:72:18:72:Infinity":0,"s:73:15:73:Infinity":1,"f:73:22:73:30":1,"s:73:39:73:54":2,"s:74:2:77:Infinity":3,"s:74:15:74:32":4,"s:75:14:75:Infinity":5,"s:76:4:76:Infinity":6,"s:78:2:78:Infinity":7,"b:78:19:78:61:78:61:78:Infinity":0,"s:81:20:81:Infinity":8,"s:82:15:82:Infinity":9,"s:84:25:315:Infinity":10,"f:84:25:84:46":2,"s:84:60:315:2":11,"f:103:8:103:13":3,"b:103:48:103:56":1,"s:104:18:104:Infinity":12,"s:105:21:105:Infinity":13,"b:105:37:105:62:105:62:105:Infinity":2,"s:106:18:106:Infinity":14,"b:107:4:107:Infinity:undefined:undefined:undefined:undefined":3,"s:107:4:107:Infinity":15,"s:107:16:107:Infinity":16,"s:108:4:108:Infinity":17,"s:109:4:119:Infinity":18,"s:120:4:120:Infinity":19,"f:123:8:123:17":4,"s:124:15:124:21":20,"s:125:35:125:Infinity":21,"b:126:4:126:Infinity:undefined:undefined:undefined:undefined":4,"s:126:4:126:Infinity":22,"s:126:18:126:Infinity":23,"s:127:4:127:Infinity":24,"b:128:4:131:Infinity:undefined:undefined:undefined:undefined":5,"s:128:4:131:Infinity":25,"s:129:6:129:Infinity":26,"s:130:6:130:Infinity":27,"s:132:4:138:Infinity":28,"s:133:6:133:Infinity":29,"s:136:6:136:Infinity":30,"s:137:6:137:Infinity":31,"f:141:8:141:13":5,"b:141:20:141:27":6,"s:142:37:142:Infinity":32,"b:143:4:148:Infinity:undefined:undefined:undefined:undefined":7,"s:143:4:148:Infinity":33,"b:143:8:143:28:143:28:143:34":8,"s:144:17:144:23":34,"s:145:6:145:Infinity":35,"s:146:6:146:Infinity":36,"f:146:22:146:34":6,"s:146:34:146:43":37,"s:147:6:147:Infinity":38,"s:149:17:149:Infinity":39,"b:150:4:156:Infinity:undefined:undefined:undefined:undefined":9,"s:150:4:156:Infinity":40,"b:150:8:150:16:150:16:150:34":10,"b:151:6:154:Infinity:undefined:undefined:undefined:undefined":11,"s:151:6:154:Infinity":41,"s:152:8:152:Infinity":42,"s:153:8:153:Infinity":43,"s:155:6:155:Infinity":44,"s:157:22:157:Infinity":45,"b:157:29:157:33:157:33:157:Infinity":12,"s:158:18:158:Infinity":46,"b:159:4:159:Infinity:undefined:undefined:undefined:undefined":13,"s:159:4:159:Infinity":47,"s:159:16:159:Infinity":48,"s:160:4:160:Infinity":49,"s:161:4:161:Infinity":50,"s:162:4:162:Infinity":51,"f:165:8:165:19":7,"s:166:39:166:Infinity":52,"b:167:4:170:Infinity:undefined:undefined:undefined:undefined":14,"s:167:4:170:Infinity":53,"s:168:6:168:Infinity":54,"s:169:6:169:Infinity":55,"s:171:22:171:Infinity":56,"b:171:34:171:46:171:46:171:Infinity":15,"s:172:18:172:Infinity":57,"b:173:4:173:Infinity:undefined:undefined:undefined:undefined":16,"s:173:4:173:Infinity":58,"s:173:16:173:Infinity":59,"s:174:4:174:Infinity":60,"s:175:4:175:Infinity":61,"s:176:4:176:Infinity":62,"f:179:2:179:7":8,"s:180:15:180:21":63,"b:181:4:182:Infinity:182:9:182:Infinity":17,"s:181:4:182:Infinity":64,"s:181:38:181:Infinity":65,"s:182:9:182:Infinity":66,"s:183:4:183:Infinity":67,"f:186:2:186:11":9,"s:187:4:187:Infinity":68,"s:188:4:188:Infinity":69,"f:191:2:191:13":10,"s:192:29:192:Infinity":70,"b:193:4:198:Infinity:196:11:198:Infinity":18,"s:193:4:198:Infinity":71,"b:193:8:193:14:193:14:193:32":19,"s:194:23:194:Infinity":72,"s:195:6:195:Infinity":73,"s:197:6:197:Infinity":74,"s:199:4:199:Infinity":75,"f:202:2:202:16":11,"s:203:32:203:Infinity":76,"s:204:20:204:Infinity":77,"s:205:4:205:Infinity":78,"s:206:4:206:Infinity":79,"f:209:2:209:11":12,"b:209:33:209:40":20,"s:210:4:213:Infinity":80,"b:211:34:211:41:211:41:211:Infinity":21,"f:216:2:216:10":13,"b:216:29:216:36":22,"s:217:29:217:Infinity":81,"s:219:6:221:Infinity":82,"b:220:10:220:Infinity:221:10:221:Infinity":23,"s:222:4:222:Infinity":83,"f:225:2:225:18":14,"s:226:29:226:Infinity":84,"b:227:4:227:Infinity:undefined:undefined:undefined:undefined":24,"s:227:4:227:Infinity":85,"s:227:26:227:Infinity":86,"s:228:4:231:Infinity":87,"f:229:19:229:27":15,"s:229:36:229:48":88,"b:230:30:230:42:230:42:230:Infinity":25,"f:234:2:234:14":16,"s:235:29:235:Infinity":89,"s:236:18:236:Infinity":90,"s:237:19:237:Infinity":91,"b:238:4:238:Infinity:undefined:undefined:undefined:undefined":26,"s:238:4:238:Infinity":92,"s:238:15:238:Infinity":93,"s:239:4:239:Infinity":94,"s:240:20:240:Infinity":95,"s:241:4:241:Infinity":96,"b:241:41:241:87:241:87:241:93":27,"f:241:47:241:58":17,"s:241:64:241:83":97,"f:244:2:244:15":18,"s:245:4:245:Infinity":98,"f:248:2:248:15":19,"b:248:27:248:34":28,"s:249:52:249:Infinity":99,"b:250:4:253:Infinity:undefined:undefined:undefined:undefined":29,"s:250:4:253:Infinity":100,"b:250:8:250:19:250:19:250:31:250:31:250:51":30,"s:251:23:251:Infinity":101,"b:251:23:251:36:251:36:251:Infinity":31,"s:252:6:252:Infinity":102,"s:254:4:254:Infinity":103,"f:258:2:258:11":20,"s:259:15:259:21":104,"s:260:10:271:Infinity":105,"f:260:10:260:25":21,"s:261:18:261:Infinity":106,"b:262:6:262:Infinity:undefined:undefined:undefined:undefined":32,"s:262:6:262:Infinity":107,"b:262:10:262:22:262:22:262:43":33,"s:262:43:262:Infinity":108,"s:263:6:263:Infinity":109,"s:264:6:264:Infinity":110,"b:264:79:264:93:264:93:264:108":34,"s:265:6:265:Infinity":111,"s:266:43:266:Infinity":112,"b:267:6:270:Infinity:undefined:undefined:undefined:undefined":35,"s:267:6:270:Infinity":113,"b:267:10:267:21:267:21:267:39:267:39:267:57":36,"s:268:8:268:Infinity":114,"s:269:8:269:Infinity":115,"s:272:10:276:Infinity":116,"f:272:10:272:25":22,"s:273:6:273:Infinity":117,"s:274:6:274:Infinity":118,"s:275:6:275:Infinity":119,"s:277:10:281:Infinity":120,"f:277:10:277:26":23,"s:278:6:278:Infinity":121,"s:279:6:279:Infinity":122,"s:280:6:280:Infinity":123,"s:282:10:290:Infinity":124,"f:282:10:282:26":24,"s:283:6:283:Infinity":125,"s:284:34:284:Infinity":126,"b:285:6:288:Infinity:undefined:undefined:undefined:undefined":37,"s:285:6:288:Infinity":127,"s:286:8:286:Infinity":128,"s:287:8:287:Infinity":129,"s:289:6:289:Infinity":130,"s:291:10:294:Infinity":131,"f:291:10:291:29":25,"s:292:21:292:Infinity":132,"s:293:6:293:Infinity":133,"b:293:38:293:70:293:70:293:72":38,"s:295:10:299:Infinity":134,"f:295:10:295:26":26,"s:296:20:296:Infinity":135,"b:297:6:297:Infinity:undefined:undefined:undefined:undefined":39,"s:297:6:297:Infinity":136,"s:297:17:297:Infinity":137,"s:298:6:298:Infinity":138,"s:300:4:300:Infinity":139,"s:301:4:301:Infinity":140,"s:302:4:302:Infinity":141,"s:303:4:303:Infinity":142,"s:304:4:304:Infinity":143,"s:305:4:305:Infinity":144,"s:306:4:313:Infinity":145,"f:306:4:306:17":27,"s:307:6:307:Infinity":146,"s:308:6:308:Infinity":147,"s:309:6:309:Infinity":148,"s:310:6:310:Infinity":149,"s:311:6:311:Infinity":150,"s:312:6:312:Infinity":151,"f:317:15:317:Infinity":28,"s:322:13:322:19":152,"s:323:2:334:Infinity":153,"s:324:20:324:Infinity":154,"s:325:16:325:Infinity":155,"b:325:16:325:28:325:16:325:Infinity":40,"s:326:4:326:Infinity":156,"s:327:4:327:Infinity":157,"s:328:4:328:Infinity":158,"s:329:4:329:Infinity":159,"s:331:26:331:Infinity":160,"s:332:4:332:Infinity":161,"s:333:4:333:Infinity":162,"s:335:18:335:Infinity":163,"b:335:24:335:76:335:76:335:Infinity":41,"s:336:2:342:Infinity":164,"b:336:25:336:36:336:36:336:42":42,"f:337:4:337:16":29,"s:337:16:337:Infinity":165,"f:338:4:338:17":30,"s:338:17:338:Infinity":166,"f:339:4:339:21":31,"s:339:21:339:Infinity":167,"f:340:4:340:25":32,"s:340:25:340:Infinity":168,"f:341:4:341:18":33,"s:341:18:341:Infinity":169},"fnNames":{}}}
,"D:\\telegrambotplayer\\miniapp\\src\\store\\ui.ts": {"path":"D:\\telegrambotplayer\\miniapp\\src\\store\\ui.ts","statementMap":{"0":{"start":{"line":39,"column":14},"end":{"line":39,"column":null}},"1":{"start":{"line":42,"column":2},"end":{"line":42,"column":null}},"2":{"start":{"line":45,"column":21},"end":{"line":95,"column":null}},"3":{"start":{"line":46,"column":15},"end":{"line":46,"column":34}},"4":{"start":{"line":47,"column":2},"end":{"line":94,"column":null}},"5":{"start":{"line":58,"column":6},"end":{"line":58,"column":null}},"6":{"start":{"line":59,"column":6},"end":{"line":59,"column":null}},"7":{"start":{"line":60,"column":6},"end":{"line":60,"column":null}},"8":{"start":{"line":63,"column":6},"end":{"line":63,"column":null}},"9":{"start":{"line":64,"column":6},"end":{"line":64,"column":null}},"10":{"start":{"line":67,"column":6},"end":{"line":67,"column":null}},"11":{"start":{"line":68,"column":18},"end":{"line":68,"column":null}},"12":{"start":{"line":69,"column":6},"end":{"line":69,"column":null}},"13":{"start":{"line":70,"column":6},"end":{"line":70,"column":null}},"14":{"start":{"line":73,"column":6},"end":{"line":73,"column":null}},"15":{"start":{"line":73,"column":50},"end":{"line":73,"column":null}},"16":{"start":{"line":74,"column":6},"end":{"line":74,"column":null}},"17":{"start":{"line":75,"column":6},"end":{"line":75,"column":null}},"18":{"start":{"line":78,"column":17},"end":{"line":78,"column":null}},"19":{"start":{"line":79,"column":6},"end":{"line":79,"column":null}},"20":{"start":{"line":80,"column":6},"end":{"line":80,"column":null}},"21":{"start":{"line":80,"column":23},"end":{"line":80,"column":47}},"22":{"start":{"line":83,"column":6},"end":{"line":83,"column":null}},"23":{"start":{"line":83,"column":47},"end":{"line":83,"column":58}},"24":{"start":{"line":86,"column":6},"end":{"line":86,"column":null}},"25":{"start":{"line":89,"column":6},"end":{"line":89,"column":null}},"26":{"start":{"line":92,"column":6},"end":{"line":92,"column":null}}},"fnMap":{"0":{"name":"resolveLow","decl":{"start":{"line":41,"column":9},"end":{"line":41,"column":20}},"loc":{"start":{"line":41,"column":45},"end":{"line":43,"column":null}},"line":41},"1":{"name":"(anonymous_1)","decl":{"start":{"line":45,"column":21},"end":{"line":45,"column":38}},"loc":{"start":{"line":45,"column":51},"end":{"line":95,"column":1}},"line":45},"2":{"name":"setLang","decl":{"start":{"line":57,"column":4},"end":{"line":57,"column":12}},"loc":{"start":{"line":57,"column":18},"end":{"line":61,"column":null}},"line":57},"3":{"name":"setTheme","decl":{"start":{"line":62,"column":4},"end":{"line":62,"column":13}},"loc":{"start":{"line":62,"column":20},"end":{"line":65,"column":null}},"line":62},"4":{"name":"setPerf","decl":{"start":{"line":66,"column":4},"end":{"line":66,"column":12}},"loc":{"start":{"line":66,"column":18},"end":{"line":71,"column":null}},"line":66},"5":{"name":"markSlowDevice","decl":{"start":{"line":72,"column":4},"end":{"line":72,"column":21}},"loc":{"start":{"line":72,"column":21},"end":{"line":76,"column":null}},"line":72},"6":{"name":"toast","decl":{"start":{"line":77,"column":4},"end":{"line":77,"column":10}},"loc":{"start":{"line":77,"column":31},"end":{"line":81,"column":null}},"line":77},"7":{"name":"(anonymous_7)","decl":{"start":{"line":80,"column":6},"end":{"line":80,"column":23}},"loc":{"start":{"line":80,"column":23},"end":{"line":80,"column":47}},"line":80},"8":{"name":"dismissToast","decl":{"start":{"line":82,"column":4},"end":{"line":82,"column":17}},"loc":{"start":{"line":82,"column":21},"end":{"line":84,"column":null}},"line":82},"9":{"name":"(anonymous_9)","decl":{"start":{"line":83,"column":33},"end":{"line":83,"column":41}},"loc":{"start":{"line":83,"column":47},"end":{"line":83,"column":58}},"line":83},"10":{"name":"showUpsell","decl":{"start":{"line":85,"column":4},"end":{"line":85,"column":15}},"loc":{"start":{"line":85,"column":23},"end":{"line":87,"column":null}},"line":85},"11":{"name":"setPlayerOpen","decl":{"start":{"line":88,"column":4},"end":{"line":88,"column":18}},"loc":{"start":{"line":88,"column":24},"end":{"line":90,"column":null}},"line":88},"12":{"name":"setActionTrack","decl":{"start":{"line":91,"column":4},"end":{"line":91,"column":19}},"loc":{"start":{"line":91,"column":26},"end":{"line":93,"column":null}},"line":91}},"branchMap":{"0":{"loc":{"start":{"line":42,"column":9},"end":{"line":42,"column":63}},"type":"binary-expr","locations":[{"start":{"line":42,"column":9},"end":{"line":42,"column":28}},{"start":{"line":42,"column":28},"end":{"line":42,"column":47}},{"start":{"line":42,"column":47},"end":{"line":42,"column":63}}],"line":42},"1":{"loc":{"start":{"line":59,"column":37},"end":{"line":59,"column":null}},"type":"cond-expr","locations":[{"start":{"line":59,"column":53},"end":{"line":59,"column":61}},{"start":{"line":59,"column":61},"end":{"line":59,"column":null}}],"line":59},"2":{"loc":{"start":{"line":73,"column":6},"end":{"line":73,"column":null}},"type":"if","locations":[{"start":{"line":73,"column":6},"end":{"line":73,"column":null}},{"start":{},"end":{}}],"line":73},"3":{"loc":{"start":{"line":73,"column":10},"end":{"line":73,"column":50}},"type":"binary-expr","locations":[{"start":{"line":73,"column":10},"end":{"line":73,"column":35}},{"start":{"line":73,"column":35},"end":{"line":73,"column":50}}],"line":73},"4":{"loc":{"start":{"line":77,"column":16},"end":{"line":77,"column":31}},"type":"default-arg","locations":[{"start":{"line":77,"column":23},"end":{"line":77,"column":31}}],"line":77}},"s":{"0":5,"1":5,"2":5,"3":5,"4":5,"5":0,"6":0,"7":0,"8":0,"9":0,"10":0,"11":0,"12":0,"13":0,"14":0,"15":0,"16":0,"17":0,"18":12,"19":12,"20":12,"21":0,"22":0,"23":0,"24":2,"25":0,"26":0},"f":{"0":5,"1":5,"2":0,"3":0,"4":0,"5":0,"6":12,"7":0,"8":0,"9":0,"10":2,"11":0,"12":0},"b":{"0":[5,5,5],"1":[0,0],"2":[0,0],"3":[0,0],"4":[12]},"meta":{"lastBranch":5,"lastFunction":13,"lastStatement":27,"seen":{"s:39:14:39:Infinity":0,"f:41:9:41:20":0,"s:42:2:42:Infinity":1,"b:42:9:42:28:42:28:42:47:42:47:42:63":0,"s:45:21:95:Infinity":2,"f:45:21:45:38":1,"s:46:15:46:34":3,"s:47:2:94:Infinity":4,"f:57:4:57:12":2,"s:58:6:58:Infinity":5,"s:59:6:59:Infinity":6,"b:59:53:59:61:59:61:59:Infinity":1,"s:60:6:60:Infinity":7,"f:62:4:62:13":3,"s:63:6:63:Infinity":8,"s:64:6:64:Infinity":9,"f:66:4:66:12":4,"s:67:6:67:Infinity":10,"s:68:18:68:Infinity":11,"s:69:6:69:Infinity":12,"s:70:6:70:Infinity":13,"f:72:4:72:21":5,"b:73:6:73:Infinity:undefined:undefined:undefined:undefined":2,"s:73:6:73:Infinity":14,"b:73:10:73:35:73:35:73:50":3,"s:73:50:73:Infinity":15,"s:74:6:74:Infinity":16,"s:75:6:75:Infinity":17,"f:77:4:77:10":6,"b:77:23:77:31":4,"s:78:17:78:Infinity":18,"s:79:6:79:Infinity":19,"s:80:6:80:Infinity":20,"f:80:6:80:23":7,"s:80:23:80:47":21,"f:82:4:82:17":8,"s:83:6:83:Infinity":22,"f:83:33:83:41":9,"s:83:47:83:58":23,"f:85:4:85:15":10,"s:86:6:86:Infinity":24,"f:88:4:88:18":11,"s:89:6:89:Infinity":25,"f:91:4:91:19":12,"s:92:6:92:Infinity":26},"fnNames":{}}}
}
